INFO  | 2021-06-17 14:30:39 | [main] hibernate.Version (Version.java:44) - HHH000412: Hibernate ORM core version 5.5.2.Final
INFO  | 2021-06-17 14:30:39 | [main] java.JavaReflectionManager (JavaReflectionManager.java:56) - HCANN000001: Hibernate Commons Annotations {5.1.2.Final}
WARN  | 2021-06-17 14:30:39 | [main] internal.DriverManagerConnectionProviderImpl (DriverManagerConnectionProviderImpl.java:72) - HHH10001002: Using Hibernate built-in connection pool (not for production use!)
INFO  | 2021-06-17 14:30:39 | [main] internal.DriverManagerConnectionProviderImpl (DriverManagerConnectionProviderImpl.java:115) - HHH10001005: using driver [org.postgresql.Driver] at URL [jdbc:postgresql://database-1.cbb6txlvyz4r.us-east-2.rds.amazonaws.com:5432/postgres]
INFO  | 2021-06-17 14:30:39 | [main] internal.DriverManagerConnectionProviderImpl (DriverManagerConnectionProviderImpl.java:124) - HHH10001001: Connection properties: {password=****, user=seth}
INFO  | 2021-06-17 14:30:39 | [main] internal.DriverManagerConnectionProviderImpl (DriverManagerConnectionProviderImpl.java:129) - HHH10001003: Autocommit mode: false
INFO  | 2021-06-17 14:30:39 | [main] internal.DriverManagerConnectionProviderImpl$PooledConnections (DriverManagerConnectionProviderImpl.java:274) - HHH000115: Hibernate connection pool size: 20 (min=1)
INFO  | 2021-06-17 14:30:39 | [main] dialect.Dialect (Dialect.java:175) - HHH000400: Using dialect: org.hibernate.dialect.PostgreSQLDialect
INFO  | 2021-06-17 14:31:58 | [main] hibernate.Version (Version.java:44) - HHH000412: Hibernate ORM core version 5.5.2.Final
INFO  | 2021-06-17 14:31:58 | [main] java.JavaReflectionManager (JavaReflectionManager.java:56) - HCANN000001: Hibernate Commons Annotations {5.1.2.Final}
WARN  | 2021-06-17 14:31:58 | [main] internal.DriverManagerConnectionProviderImpl (DriverManagerConnectionProviderImpl.java:72) - HHH10001002: Using Hibernate built-in connection pool (not for production use!)
INFO  | 2021-06-17 14:31:58 | [main] internal.DriverManagerConnectionProviderImpl (DriverManagerConnectionProviderImpl.java:115) - HHH10001005: using driver [org.postgresql.Driver] at URL [jdbc:postgresql://database-1.cbb6txlvyz4r.us-east-2.rds.amazonaws.com:5432/postgres]
INFO  | 2021-06-17 14:31:58 | [main] internal.DriverManagerConnectionProviderImpl (DriverManagerConnectionProviderImpl.java:124) - HHH10001001: Connection properties: {password=****, user=seth}
INFO  | 2021-06-17 14:31:58 | [main] internal.DriverManagerConnectionProviderImpl (DriverManagerConnectionProviderImpl.java:129) - HHH10001003: Autocommit mode: false
INFO  | 2021-06-17 14:31:58 | [main] internal.DriverManagerConnectionProviderImpl$PooledConnections (DriverManagerConnectionProviderImpl.java:274) - HHH000115: Hibernate connection pool size: 20 (min=1)
INFO  | 2021-06-17 14:31:58 | [main] dialect.Dialect (Dialect.java:175) - HHH000400: Using dialect: org.hibernate.dialect.PostgreSQLDialect
INFO  | 2021-06-17 14:31:58 | [main] internal.DriverManagerConnectionProviderImpl$PoolState (DriverManagerConnectionProviderImpl.java:502) - HHH10001008: Cleaning up connection pool [jdbc:postgresql://database-1.cbb6txlvyz4r.us-east-2.rds.amazonaws.com:5432/postgres]
INFO  | 2021-06-17 14:33:33 | [main] hibernate.Version (Version.java:44) - HHH000412: Hibernate ORM core version 5.5.2.Final
INFO  | 2021-06-17 14:33:33 | [main] java.JavaReflectionManager (JavaReflectionManager.java:56) - HCANN000001: Hibernate Commons Annotations {5.1.2.Final}
WARN  | 2021-06-17 14:33:33 | [main] internal.DriverManagerConnectionProviderImpl (DriverManagerConnectionProviderImpl.java:72) - HHH10001002: Using Hibernate built-in connection pool (not for production use!)
INFO  | 2021-06-17 14:33:33 | [main] internal.DriverManagerConnectionProviderImpl (DriverManagerConnectionProviderImpl.java:115) - HHH10001005: using driver [org.postgresql.Driver] at URL [jdbc:postgresql://database-1.cbb6txlvyz4r.us-east-2.rds.amazonaws.com:5432/postgres]
INFO  | 2021-06-17 14:33:33 | [main] internal.DriverManagerConnectionProviderImpl (DriverManagerConnectionProviderImpl.java:124) - HHH10001001: Connection properties: {password=****, user=seth}
INFO  | 2021-06-17 14:33:33 | [main] internal.DriverManagerConnectionProviderImpl (DriverManagerConnectionProviderImpl.java:129) - HHH10001003: Autocommit mode: false
INFO  | 2021-06-17 14:33:33 | [main] internal.DriverManagerConnectionProviderImpl$PooledConnections (DriverManagerConnectionProviderImpl.java:274) - HHH000115: Hibernate connection pool size: 20 (min=1)
INFO  | 2021-06-17 14:33:34 | [main] dialect.Dialect (Dialect.java:175) - HHH000400: Using dialect: org.hibernate.dialect.PostgreSQLDialect
INFO  | 2021-06-17 14:33:34 | [main] internal.JtaPlatformInitiator (JtaPlatformInitiator.java:52) - HHH000490: Using JtaPlatform implementation: [org.hibernate.engine.transaction.jta.platform.internal.NoJtaPlatform]
WARN  | 2021-06-17 14:33:34 | [main] spi.SqlExceptionHelper (SqlExceptionHelper.java:137) - SQL Error: 0, SQLState: 42P01
ERROR | 2021-06-17 14:33:34 | [main] spi.SqlExceptionHelper (SqlExceptionHelper.java:142) - ERROR: relation "authors" does not exist
  Position: 204
INFO  | 2021-06-17 14:33:34 | [main] internal.DefaultLoadEventListener (DefaultLoadEventListener.java:116) - HHH000327: Error performing load command
org.hibernate.exception.SQLGrammarException: could not extract ResultSet
	at org.hibernate.exception.internal.SQLStateConversionDelegate.convert(SQLStateConversionDelegate.java:103) ~[hibernate-core-5.5.2.Final.jar:5.5.2.Final]
	at org.hibernate.exception.internal.StandardSQLExceptionConverter.convert(StandardSQLExceptionConverter.java:42) ~[hibernate-core-5.5.2.Final.jar:5.5.2.Final]
	at org.hibernate.engine.jdbc.spi.SqlExceptionHelper.convert(SqlExceptionHelper.java:113) ~[hibernate-core-5.5.2.Final.jar:5.5.2.Final]
	at org.hibernate.engine.jdbc.spi.SqlExceptionHelper.convert(SqlExceptionHelper.java:99) ~[hibernate-core-5.5.2.Final.jar:5.5.2.Final]
	at org.hibernate.engine.jdbc.internal.ResultSetReturnImpl.extract(ResultSetReturnImpl.java:67) ~[hibernate-core-5.5.2.Final.jar:5.5.2.Final]
	at org.hibernate.loader.plan.exec.internal.AbstractLoadPlanBasedLoader.getResultSet(AbstractLoadPlanBasedLoader.java:390) ~[hibernate-core-5.5.2.Final.jar:5.5.2.Final]
	at org.hibernate.loader.plan.exec.internal.AbstractLoadPlanBasedLoader.executeQueryStatement(AbstractLoadPlanBasedLoader.java:163) ~[hibernate-core-5.5.2.Final.jar:5.5.2.Final]
	at org.hibernate.loader.plan.exec.internal.AbstractLoadPlanBasedLoader.executeLoad(AbstractLoadPlanBasedLoader.java:104) ~[hibernate-core-5.5.2.Final.jar:5.5.2.Final]
	at org.hibernate.loader.entity.plan.AbstractLoadPlanBasedEntityLoader.load(AbstractLoadPlanBasedEntityLoader.java:285) ~[hibernate-core-5.5.2.Final.jar:5.5.2.Final]
	at org.hibernate.persister.entity.AbstractEntityPersister.doLoad(AbstractEntityPersister.java:4519) ~[hibernate-core-5.5.2.Final.jar:5.5.2.Final]
	at org.hibernate.persister.entity.AbstractEntityPersister.load(AbstractEntityPersister.java:4509) ~[hibernate-core-5.5.2.Final.jar:5.5.2.Final]
	at org.hibernate.event.internal.DefaultLoadEventListener.loadFromDatasource(DefaultLoadEventListener.java:571) ~[hibernate-core-5.5.2.Final.jar:5.5.2.Final]
	at org.hibernate.event.internal.DefaultLoadEventListener.doLoad(DefaultLoadEventListener.java:539) ~[hibernate-core-5.5.2.Final.jar:5.5.2.Final]
	at org.hibernate.event.internal.DefaultLoadEventListener.load(DefaultLoadEventListener.java:208) ~[hibernate-core-5.5.2.Final.jar:5.5.2.Final]
	at org.hibernate.event.internal.DefaultLoadEventListener.proxyOrLoad(DefaultLoadEventListener.java:327) ~[hibernate-core-5.5.2.Final.jar:5.5.2.Final]
	at org.hibernate.event.internal.DefaultLoadEventListener.doOnLoad(DefaultLoadEventListener.java:108) ~[hibernate-core-5.5.2.Final.jar:5.5.2.Final]
	at org.hibernate.event.internal.DefaultLoadEventListener.onLoad(DefaultLoadEventListener.java:74) ~[hibernate-core-5.5.2.Final.jar:5.5.2.Final]
	at org.hibernate.event.service.internal.EventListenerGroupImpl.fireEventOnEachListener(EventListenerGroupImpl.java:118) ~[hibernate-core-5.5.2.Final.jar:5.5.2.Final]
	at org.hibernate.internal.SessionImpl.fireLoadNoChecks(SessionImpl.java:1215) ~[hibernate-core-5.5.2.Final.jar:5.5.2.Final]
	at org.hibernate.internal.SessionImpl.fireLoad(SessionImpl.java:1204) ~[hibernate-core-5.5.2.Final.jar:5.5.2.Final]
	at org.hibernate.internal.SessionImpl.access$2100(SessionImpl.java:203) ~[hibernate-core-5.5.2.Final.jar:5.5.2.Final]
	at org.hibernate.internal.SessionImpl$IdentifierLoadAccessImpl.doLoad(SessionImpl.java:2819) ~[hibernate-core-5.5.2.Final.jar:5.5.2.Final]
	at org.hibernate.internal.SessionImpl$IdentifierLoadAccessImpl.lambda$load$1(SessionImpl.java:2796) ~[hibernate-core-5.5.2.Final.jar:5.5.2.Final]
	at org.hibernate.internal.SessionImpl$IdentifierLoadAccessImpl.perform(SessionImpl.java:2752) [hibernate-core-5.5.2.Final.jar:5.5.2.Final]
	at org.hibernate.internal.SessionImpl$IdentifierLoadAccessImpl.load(SessionImpl.java:2796) [hibernate-core-5.5.2.Final.jar:5.5.2.Final]
	at org.hibernate.internal.SessionImpl.get(SessionImpl.java:1012) [hibernate-core-5.5.2.Final.jar:5.5.2.Final]
	at com.revature.daos.AuthorDAOImpl.getById(AuthorDAOImpl.java:53) [classes/:?]
	at com.revature.daos.AuthorDAOImpl.getById(AuthorDAOImpl.java:1) [classes/:?]
	at com.revature.daotests.AuthorDaoTests.authorGetByIdTest(AuthorDaoTests.java:40) [test-classes/:?]
	at jdk.internal.reflect.NativeMethodAccessorImpl.invoke0(Native Method) ~[?:?]
	at jdk.internal.reflect.NativeMethodAccessorImpl.invoke(NativeMethodAccessorImpl.java:64) ~[?:?]
	at jdk.internal.reflect.DelegatingMethodAccessorImpl.invoke(DelegatingMethodAccessorImpl.java:43) ~[?:?]
	at java.lang.reflect.Method.invoke(Method.java:564) ~[?:?]
	at org.junit.runners.model.FrameworkMethod$1.runReflectiveCall(FrameworkMethod.java:59) [junit-4.13.2.jar:4.13.2]
	at org.junit.internal.runners.model.ReflectiveCallable.run(ReflectiveCallable.java:12) [junit-4.13.2.jar:4.13.2]
	at org.junit.runners.model.FrameworkMethod.invokeExplosively(FrameworkMethod.java:56) [junit-4.13.2.jar:4.13.2]
	at org.junit.internal.runners.statements.InvokeMethod.evaluate(InvokeMethod.java:17) [junit-4.13.2.jar:4.13.2]
	at org.junit.runners.ParentRunner$3.evaluate(ParentRunner.java:306) [junit-4.13.2.jar:4.13.2]
	at org.junit.runners.BlockJUnit4ClassRunner$1.evaluate(BlockJUnit4ClassRunner.java:100) [junit-4.13.2.jar:4.13.2]
	at org.junit.runners.ParentRunner.runLeaf(ParentRunner.java:366) [junit-4.13.2.jar:4.13.2]
	at org.junit.runners.BlockJUnit4ClassRunner.runChild(BlockJUnit4ClassRunner.java:103) [junit-4.13.2.jar:4.13.2]
	at org.junit.runners.BlockJUnit4ClassRunner.runChild(BlockJUnit4ClassRunner.java:63) [junit-4.13.2.jar:4.13.2]
	at org.junit.runners.ParentRunner$4.run(ParentRunner.java:331) [junit-4.13.2.jar:4.13.2]
	at org.junit.runners.ParentRunner$1.schedule(ParentRunner.java:79) [junit-4.13.2.jar:4.13.2]
	at org.junit.runners.ParentRunner.runChildren(ParentRunner.java:329) [junit-4.13.2.jar:4.13.2]
	at org.junit.runners.ParentRunner.access$100(ParentRunner.java:66) [junit-4.13.2.jar:4.13.2]
	at org.junit.runners.ParentRunner$2.evaluate(ParentRunner.java:293) [junit-4.13.2.jar:4.13.2]
	at org.junit.runners.ParentRunner$3.evaluate(ParentRunner.java:306) [junit-4.13.2.jar:4.13.2]
	at org.junit.runners.ParentRunner.run(ParentRunner.java:413) [junit-4.13.2.jar:4.13.2]
	at org.eclipse.jdt.internal.junit4.runner.JUnit4TestReference.run(JUnit4TestReference.java:89) [.cp/:?]
	at org.eclipse.jdt.internal.junit.runner.TestExecution.run(TestExecution.java:40) [.cp/:?]
	at org.eclipse.jdt.internal.junit.runner.RemoteTestRunner.runTests(RemoteTestRunner.java:541) [.cp/:?]
	at org.eclipse.jdt.internal.junit.runner.RemoteTestRunner.runTests(RemoteTestRunner.java:768) [.cp/:?]
	at org.eclipse.jdt.internal.junit.runner.RemoteTestRunner.run(RemoteTestRunner.java:464) [.cp/:?]
	at org.eclipse.jdt.internal.junit.runner.RemoteTestRunner.main(RemoteTestRunner.java:210) [.cp/:?]
Caused by: org.postgresql.util.PSQLException: ERROR: relation "authors" does not exist
  Position: 204
	at org.postgresql.core.v3.QueryExecutorImpl.receiveErrorResponse(QueryExecutorImpl.java:2553) ~[postgresql-42.2.20.jar:42.2.20]
	at org.postgresql.core.v3.QueryExecutorImpl.processResults(QueryExecutorImpl.java:2285) ~[postgresql-42.2.20.jar:42.2.20]
	at org.postgresql.core.v3.QueryExecutorImpl.execute(QueryExecutorImpl.java:323) ~[postgresql-42.2.20.jar:42.2.20]
	at org.postgresql.jdbc.PgStatement.executeInternal(PgStatement.java:481) ~[postgresql-42.2.20.jar:42.2.20]
	at org.postgresql.jdbc.PgStatement.execute(PgStatement.java:401) ~[postgresql-42.2.20.jar:42.2.20]
	at org.postgresql.jdbc.PgPreparedStatement.executeWithFlags(PgPreparedStatement.java:164) ~[postgresql-42.2.20.jar:42.2.20]
	at org.postgresql.jdbc.PgPreparedStatement.executeQuery(PgPreparedStatement.java:114) ~[postgresql-42.2.20.jar:42.2.20]
	at org.hibernate.engine.jdbc.internal.ResultSetReturnImpl.extract(ResultSetReturnImpl.java:57) ~[hibernate-core-5.5.2.Final.jar:5.5.2.Final]
	... 50 more
INFO  | 2021-06-17 14:33:55 | [main] hibernate.Version (Version.java:44) - HHH000412: Hibernate ORM core version 5.5.2.Final
INFO  | 2021-06-17 14:33:55 | [main] java.JavaReflectionManager (JavaReflectionManager.java:56) - HCANN000001: Hibernate Commons Annotations {5.1.2.Final}
WARN  | 2021-06-17 14:33:55 | [main] internal.DriverManagerConnectionProviderImpl (DriverManagerConnectionProviderImpl.java:72) - HHH10001002: Using Hibernate built-in connection pool (not for production use!)
INFO  | 2021-06-17 14:33:55 | [main] internal.DriverManagerConnectionProviderImpl (DriverManagerConnectionProviderImpl.java:115) - HHH10001005: using driver [org.postgresql.Driver] at URL [jdbc:postgresql://database-1.cbb6txlvyz4r.us-east-2.rds.amazonaws.com:5432/postgres]
INFO  | 2021-06-17 14:33:55 | [main] internal.DriverManagerConnectionProviderImpl (DriverManagerConnectionProviderImpl.java:124) - HHH10001001: Connection properties: {password=****, user=seth}
INFO  | 2021-06-17 14:33:55 | [main] internal.DriverManagerConnectionProviderImpl (DriverManagerConnectionProviderImpl.java:129) - HHH10001003: Autocommit mode: false
INFO  | 2021-06-17 14:33:55 | [main] internal.DriverManagerConnectionProviderImpl$PooledConnections (DriverManagerConnectionProviderImpl.java:274) - HHH000115: Hibernate connection pool size: 20 (min=1)
INFO  | 2021-06-17 14:33:55 | [main] dialect.Dialect (Dialect.java:175) - HHH000400: Using dialect: org.hibernate.dialect.PostgreSQLDialect
INFO  | 2021-06-17 14:33:56 | [main] internal.JtaPlatformInitiator (JtaPlatformInitiator.java:52) - HHH000490: Using JtaPlatform implementation: [org.hibernate.engine.transaction.jta.platform.internal.NoJtaPlatform]
INFO  | 2021-06-17 14:36:05 | [main] hibernate.Version (Version.java:44) - HHH000412: Hibernate ORM core version 5.5.2.Final
INFO  | 2021-06-17 14:36:05 | [main] java.JavaReflectionManager (JavaReflectionManager.java:56) - HCANN000001: Hibernate Commons Annotations {5.1.2.Final}
WARN  | 2021-06-17 14:36:05 | [main] internal.DriverManagerConnectionProviderImpl (DriverManagerConnectionProviderImpl.java:72) - HHH10001002: Using Hibernate built-in connection pool (not for production use!)
INFO  | 2021-06-17 14:36:05 | [main] internal.DriverManagerConnectionProviderImpl (DriverManagerConnectionProviderImpl.java:115) - HHH10001005: using driver [org.postgresql.Driver] at URL [jdbc:postgresql://database-1.cbb6txlvyz4r.us-east-2.rds.amazonaws.com:5432/postgres]
INFO  | 2021-06-17 14:36:05 | [main] internal.DriverManagerConnectionProviderImpl (DriverManagerConnectionProviderImpl.java:124) - HHH10001001: Connection properties: {password=****, user=seth}
INFO  | 2021-06-17 14:36:05 | [main] internal.DriverManagerConnectionProviderImpl (DriverManagerConnectionProviderImpl.java:129) - HHH10001003: Autocommit mode: false
INFO  | 2021-06-17 14:36:05 | [main] internal.DriverManagerConnectionProviderImpl$PooledConnections (DriverManagerConnectionProviderImpl.java:274) - HHH000115: Hibernate connection pool size: 20 (min=1)
INFO  | 2021-06-17 14:36:05 | [main] dialect.Dialect (Dialect.java:175) - HHH000400: Using dialect: org.hibernate.dialect.PostgreSQLDialect
INFO  | 2021-06-17 14:36:06 | [main] internal.JtaPlatformInitiator (JtaPlatformInitiator.java:52) - HHH000490: Using JtaPlatform implementation: [org.hibernate.engine.transaction.jta.platform.internal.NoJtaPlatform]
WARN  | 2021-06-17 14:36:06 | [main] spi.SqlExceptionHelper (SqlExceptionHelper.java:137) - SQL Error: 0, SQLState: 42P01
ERROR | 2021-06-17 14:36:06 | [main] spi.SqlExceptionHelper (SqlExceptionHelper.java:142) - ERROR: relation "hibernate_sequence" does not exist
  Position: 17
INFO  | 2021-06-17 14:38:27 | [main] hibernate.Version (Version.java:44) - HHH000412: Hibernate ORM core version 5.5.2.Final
INFO  | 2021-06-17 14:38:27 | [main] java.JavaReflectionManager (JavaReflectionManager.java:56) - HCANN000001: Hibernate Commons Annotations {5.1.2.Final}
WARN  | 2021-06-17 14:38:27 | [main] internal.DriverManagerConnectionProviderImpl (DriverManagerConnectionProviderImpl.java:72) - HHH10001002: Using Hibernate built-in connection pool (not for production use!)
INFO  | 2021-06-17 14:38:27 | [main] internal.DriverManagerConnectionProviderImpl (DriverManagerConnectionProviderImpl.java:115) - HHH10001005: using driver [org.postgresql.Driver] at URL [jdbc:postgresql://database-1.cbb6txlvyz4r.us-east-2.rds.amazonaws.com:5432/postgres]
INFO  | 2021-06-17 14:38:27 | [main] internal.DriverManagerConnectionProviderImpl (DriverManagerConnectionProviderImpl.java:124) - HHH10001001: Connection properties: {password=****, user=seth}
INFO  | 2021-06-17 14:38:27 | [main] internal.DriverManagerConnectionProviderImpl (DriverManagerConnectionProviderImpl.java:129) - HHH10001003: Autocommit mode: false
INFO  | 2021-06-17 14:38:27 | [main] internal.DriverManagerConnectionProviderImpl$PooledConnections (DriverManagerConnectionProviderImpl.java:274) - HHH000115: Hibernate connection pool size: 20 (min=1)
INFO  | 2021-06-17 14:38:27 | [main] dialect.Dialect (Dialect.java:175) - HHH000400: Using dialect: org.hibernate.dialect.PostgreSQLDialect
INFO  | 2021-06-17 14:38:28 | [main] internal.JtaPlatformInitiator (JtaPlatformInitiator.java:52) - HHH000490: Using JtaPlatform implementation: [org.hibernate.engine.transaction.jta.platform.internal.NoJtaPlatform]
WARN  | 2021-06-17 14:38:28 | [main] spi.SqlExceptionHelper (SqlExceptionHelper.java:137) - SQL Error: 0, SQLState: 42P01
ERROR | 2021-06-17 14:38:28 | [main] spi.SqlExceptionHelper (SqlExceptionHelper.java:142) - ERROR: relation "hibernate_sequence" does not exist
  Position: 17
INFO  | 2021-06-17 14:43:36 | [main] hibernate.Version (Version.java:44) - HHH000412: Hibernate ORM core version 5.5.2.Final
INFO  | 2021-06-17 14:43:36 | [main] java.JavaReflectionManager (JavaReflectionManager.java:56) - HCANN000001: Hibernate Commons Annotations {5.1.2.Final}
WARN  | 2021-06-17 14:43:37 | [main] internal.DriverManagerConnectionProviderImpl (DriverManagerConnectionProviderImpl.java:72) - HHH10001002: Using Hibernate built-in connection pool (not for production use!)
INFO  | 2021-06-17 14:43:37 | [main] internal.DriverManagerConnectionProviderImpl (DriverManagerConnectionProviderImpl.java:115) - HHH10001005: using driver [org.postgresql.Driver] at URL [jdbc:postgresql://database-1.cbb6txlvyz4r.us-east-2.rds.amazonaws.com:5432/postgres]
INFO  | 2021-06-17 14:43:37 | [main] internal.DriverManagerConnectionProviderImpl (DriverManagerConnectionProviderImpl.java:124) - HHH10001001: Connection properties: {password=****, user=seth}
INFO  | 2021-06-17 14:43:37 | [main] internal.DriverManagerConnectionProviderImpl (DriverManagerConnectionProviderImpl.java:129) - HHH10001003: Autocommit mode: false
INFO  | 2021-06-17 14:43:37 | [main] internal.DriverManagerConnectionProviderImpl$PooledConnections (DriverManagerConnectionProviderImpl.java:274) - HHH000115: Hibernate connection pool size: 20 (min=1)
INFO  | 2021-06-17 14:43:37 | [main] dialect.Dialect (Dialect.java:175) - HHH000400: Using dialect: org.hibernate.dialect.PostgreSQLDialect
INFO  | 2021-06-17 14:43:37 | [main] internal.JtaPlatformInitiator (JtaPlatformInitiator.java:52) - HHH000490: Using JtaPlatform implementation: [org.hibernate.engine.transaction.jta.platform.internal.NoJtaPlatform]
INFO  | 2021-06-17 14:44:52 | [main] hibernate.Version (Version.java:44) - HHH000412: Hibernate ORM core version 5.5.2.Final
INFO  | 2021-06-17 14:44:52 | [main] java.JavaReflectionManager (JavaReflectionManager.java:56) - HCANN000001: Hibernate Commons Annotations {5.1.2.Final}
WARN  | 2021-06-17 14:44:52 | [main] internal.DriverManagerConnectionProviderImpl (DriverManagerConnectionProviderImpl.java:72) - HHH10001002: Using Hibernate built-in connection pool (not for production use!)
INFO  | 2021-06-17 14:44:52 | [main] internal.DriverManagerConnectionProviderImpl (DriverManagerConnectionProviderImpl.java:115) - HHH10001005: using driver [org.postgresql.Driver] at URL [jdbc:postgresql://database-1.cbb6txlvyz4r.us-east-2.rds.amazonaws.com:5432/postgres]
INFO  | 2021-06-17 14:44:52 | [main] internal.DriverManagerConnectionProviderImpl (DriverManagerConnectionProviderImpl.java:124) - HHH10001001: Connection properties: {password=****, user=seth}
INFO  | 2021-06-17 14:44:52 | [main] internal.DriverManagerConnectionProviderImpl (DriverManagerConnectionProviderImpl.java:129) - HHH10001003: Autocommit mode: false
INFO  | 2021-06-17 14:44:52 | [main] internal.DriverManagerConnectionProviderImpl$PooledConnections (DriverManagerConnectionProviderImpl.java:274) - HHH000115: Hibernate connection pool size: 20 (min=1)
INFO  | 2021-06-17 14:44:52 | [main] dialect.Dialect (Dialect.java:175) - HHH000400: Using dialect: org.hibernate.dialect.PostgreSQLDialect
INFO  | 2021-06-17 14:44:53 | [main] internal.JtaPlatformInitiator (JtaPlatformInitiator.java:52) - HHH000490: Using JtaPlatform implementation: [org.hibernate.engine.transaction.jta.platform.internal.NoJtaPlatform]
INFO  | 2021-06-17 14:51:26 | [main] hibernate.Version (Version.java:44) - HHH000412: Hibernate ORM core version 5.5.2.Final
INFO  | 2021-06-17 14:51:27 | [main] java.JavaReflectionManager (JavaReflectionManager.java:56) - HCANN000001: Hibernate Commons Annotations {5.1.2.Final}
WARN  | 2021-06-17 14:51:27 | [main] internal.DriverManagerConnectionProviderImpl (DriverManagerConnectionProviderImpl.java:72) - HHH10001002: Using Hibernate built-in connection pool (not for production use!)
INFO  | 2021-06-17 14:51:27 | [main] internal.DriverManagerConnectionProviderImpl (DriverManagerConnectionProviderImpl.java:115) - HHH10001005: using driver [org.postgresql.Driver] at URL [jdbc:postgresql://database-1.cbb6txlvyz4r.us-east-2.rds.amazonaws.com:5432/postgres]
INFO  | 2021-06-17 14:51:27 | [main] internal.DriverManagerConnectionProviderImpl (DriverManagerConnectionProviderImpl.java:124) - HHH10001001: Connection properties: {password=****, user=seth}
INFO  | 2021-06-17 14:51:27 | [main] internal.DriverManagerConnectionProviderImpl (DriverManagerConnectionProviderImpl.java:129) - HHH10001003: Autocommit mode: false
INFO  | 2021-06-17 14:51:27 | [main] internal.DriverManagerConnectionProviderImpl$PooledConnections (DriverManagerConnectionProviderImpl.java:274) - HHH000115: Hibernate connection pool size: 20 (min=1)
INFO  | 2021-06-17 14:51:27 | [main] dialect.Dialect (Dialect.java:175) - HHH000400: Using dialect: org.hibernate.dialect.PostgreSQLDialect
INFO  | 2021-06-17 14:51:28 | [main] internal.JtaPlatformInitiator (JtaPlatformInitiator.java:52) - HHH000490: Using JtaPlatform implementation: [org.hibernate.engine.transaction.jta.platform.internal.NoJtaPlatform]
INFO  | 2021-06-17 14:57:56 | [main] hibernate.Version (Version.java:44) - HHH000412: Hibernate ORM core version 5.5.2.Final
INFO  | 2021-06-17 14:57:56 | [main] java.JavaReflectionManager (JavaReflectionManager.java:56) - HCANN000001: Hibernate Commons Annotations {5.1.2.Final}
WARN  | 2021-06-17 14:57:57 | [main] internal.DriverManagerConnectionProviderImpl (DriverManagerConnectionProviderImpl.java:72) - HHH10001002: Using Hibernate built-in connection pool (not for production use!)
INFO  | 2021-06-17 14:57:57 | [main] internal.DriverManagerConnectionProviderImpl (DriverManagerConnectionProviderImpl.java:115) - HHH10001005: using driver [org.postgresql.Driver] at URL [jdbc:postgresql://database-1.cbb6txlvyz4r.us-east-2.rds.amazonaws.com:5432/postgres]
INFO  | 2021-06-17 14:57:57 | [main] internal.DriverManagerConnectionProviderImpl (DriverManagerConnectionProviderImpl.java:124) - HHH10001001: Connection properties: {password=****, user=seth}
INFO  | 2021-06-17 14:57:57 | [main] internal.DriverManagerConnectionProviderImpl (DriverManagerConnectionProviderImpl.java:129) - HHH10001003: Autocommit mode: false
INFO  | 2021-06-17 14:57:57 | [main] internal.DriverManagerConnectionProviderImpl$PooledConnections (DriverManagerConnectionProviderImpl.java:274) - HHH000115: Hibernate connection pool size: 20 (min=1)
INFO  | 2021-06-17 14:57:57 | [main] dialect.Dialect (Dialect.java:175) - HHH000400: Using dialect: org.hibernate.dialect.PostgreSQLDialect
INFO  | 2021-06-17 14:57:57 | [main] internal.JtaPlatformInitiator (JtaPlatformInitiator.java:52) - HHH000490: Using JtaPlatform implementation: [org.hibernate.engine.transaction.jta.platform.internal.NoJtaPlatform]
INFO  | 2021-06-17 14:58:58 | [main] hibernate.Version (Version.java:44) - HHH000412: Hibernate ORM core version 5.5.2.Final
INFO  | 2021-06-17 14:58:58 | [main] java.JavaReflectionManager (JavaReflectionManager.java:56) - HCANN000001: Hibernate Commons Annotations {5.1.2.Final}
WARN  | 2021-06-17 14:58:58 | [main] internal.DriverManagerConnectionProviderImpl (DriverManagerConnectionProviderImpl.java:72) - HHH10001002: Using Hibernate built-in connection pool (not for production use!)
INFO  | 2021-06-17 14:58:58 | [main] internal.DriverManagerConnectionProviderImpl (DriverManagerConnectionProviderImpl.java:115) - HHH10001005: using driver [org.postgresql.Driver] at URL [jdbc:postgresql://database-1.cbb6txlvyz4r.us-east-2.rds.amazonaws.com:5432/postgres]
INFO  | 2021-06-17 14:58:58 | [main] internal.DriverManagerConnectionProviderImpl (DriverManagerConnectionProviderImpl.java:124) - HHH10001001: Connection properties: {password=****, user=seth}
INFO  | 2021-06-17 14:58:58 | [main] internal.DriverManagerConnectionProviderImpl (DriverManagerConnectionProviderImpl.java:129) - HHH10001003: Autocommit mode: false
INFO  | 2021-06-17 14:58:58 | [main] internal.DriverManagerConnectionProviderImpl$PooledConnections (DriverManagerConnectionProviderImpl.java:274) - HHH000115: Hibernate connection pool size: 20 (min=1)
INFO  | 2021-06-17 14:58:58 | [main] dialect.Dialect (Dialect.java:175) - HHH000400: Using dialect: org.hibernate.dialect.PostgreSQLDialect
INFO  | 2021-06-17 14:58:59 | [main] internal.JtaPlatformInitiator (JtaPlatformInitiator.java:52) - HHH000490: Using JtaPlatform implementation: [org.hibernate.engine.transaction.jta.platform.internal.NoJtaPlatform]
INFO  | 2021-06-17 15:08:04 | [main] hibernate.Version (Version.java:44) - HHH000412: Hibernate ORM core version 5.5.2.Final
INFO  | 2021-06-17 15:08:04 | [main] java.JavaReflectionManager (JavaReflectionManager.java:56) - HCANN000001: Hibernate Commons Annotations {5.1.2.Final}
WARN  | 2021-06-17 15:08:04 | [main] internal.DriverManagerConnectionProviderImpl (DriverManagerConnectionProviderImpl.java:72) - HHH10001002: Using Hibernate built-in connection pool (not for production use!)
INFO  | 2021-06-17 15:08:04 | [main] internal.DriverManagerConnectionProviderImpl (DriverManagerConnectionProviderImpl.java:115) - HHH10001005: using driver [org.postgresql.Driver] at URL [jdbc:postgresql://database-1.cbb6txlvyz4r.us-east-2.rds.amazonaws.com:5432/postgres]
INFO  | 2021-06-17 15:08:04 | [main] internal.DriverManagerConnectionProviderImpl (DriverManagerConnectionProviderImpl.java:124) - HHH10001001: Connection properties: {password=****, user=seth}
INFO  | 2021-06-17 15:08:04 | [main] internal.DriverManagerConnectionProviderImpl (DriverManagerConnectionProviderImpl.java:129) - HHH10001003: Autocommit mode: false
INFO  | 2021-06-17 15:08:04 | [main] internal.DriverManagerConnectionProviderImpl$PooledConnections (DriverManagerConnectionProviderImpl.java:274) - HHH000115: Hibernate connection pool size: 20 (min=1)
INFO  | 2021-06-17 15:08:04 | [main] dialect.Dialect (Dialect.java:175) - HHH000400: Using dialect: org.hibernate.dialect.PostgreSQLDialect
INFO  | 2021-06-17 15:55:50 | [main] hibernate.Version (Version.java:44) - HHH000412: Hibernate ORM core version 5.5.2.Final
INFO  | 2021-06-17 15:55:50 | [main] java.JavaReflectionManager (JavaReflectionManager.java:56) - HCANN000001: Hibernate Commons Annotations {5.1.2.Final}
WARN  | 2021-06-17 15:55:51 | [main] internal.DriverManagerConnectionProviderImpl (DriverManagerConnectionProviderImpl.java:72) - HHH10001002: Using Hibernate built-in connection pool (not for production use!)
INFO  | 2021-06-17 15:55:51 | [main] internal.DriverManagerConnectionProviderImpl (DriverManagerConnectionProviderImpl.java:115) - HHH10001005: using driver [org.postgresql.Driver] at URL [jdbc:postgresql://database-1.cbb6txlvyz4r.us-east-2.rds.amazonaws.com:5432/postgres]
INFO  | 2021-06-17 15:55:51 | [main] internal.DriverManagerConnectionProviderImpl (DriverManagerConnectionProviderImpl.java:124) - HHH10001001: Connection properties: {password=****, user=seth}
INFO  | 2021-06-17 15:55:51 | [main] internal.DriverManagerConnectionProviderImpl (DriverManagerConnectionProviderImpl.java:129) - HHH10001003: Autocommit mode: false
INFO  | 2021-06-17 15:55:51 | [main] internal.DriverManagerConnectionProviderImpl$PooledConnections (DriverManagerConnectionProviderImpl.java:274) - HHH000115: Hibernate connection pool size: 20 (min=1)
INFO  | 2021-06-17 15:55:51 | [main] dialect.Dialect (Dialect.java:175) - HHH000400: Using dialect: org.hibernate.dialect.PostgreSQLDialect
INFO  | 2021-06-17 15:56:25 | [main] hibernate.Version (Version.java:44) - HHH000412: Hibernate ORM core version 5.5.2.Final
INFO  | 2021-06-17 15:56:25 | [main] java.JavaReflectionManager (JavaReflectionManager.java:56) - HCANN000001: Hibernate Commons Annotations {5.1.2.Final}
WARN  | 2021-06-17 15:56:25 | [main] internal.DriverManagerConnectionProviderImpl (DriverManagerConnectionProviderImpl.java:72) - HHH10001002: Using Hibernate built-in connection pool (not for production use!)
INFO  | 2021-06-17 15:56:25 | [main] internal.DriverManagerConnectionProviderImpl (DriverManagerConnectionProviderImpl.java:115) - HHH10001005: using driver [org.postgresql.Driver] at URL [jdbc:postgresql://database-1.cbb6txlvyz4r.us-east-2.rds.amazonaws.com:5432/postgres]
INFO  | 2021-06-17 15:56:25 | [main] internal.DriverManagerConnectionProviderImpl (DriverManagerConnectionProviderImpl.java:124) - HHH10001001: Connection properties: {password=****, user=seth}
INFO  | 2021-06-17 15:56:25 | [main] internal.DriverManagerConnectionProviderImpl (DriverManagerConnectionProviderImpl.java:129) - HHH10001003: Autocommit mode: false
INFO  | 2021-06-17 15:56:25 | [main] internal.DriverManagerConnectionProviderImpl$PooledConnections (DriverManagerConnectionProviderImpl.java:274) - HHH000115: Hibernate connection pool size: 20 (min=1)
INFO  | 2021-06-17 15:56:25 | [main] dialect.Dialect (Dialect.java:175) - HHH000400: Using dialect: org.hibernate.dialect.PostgreSQLDialect
INFO  | 2021-06-17 16:13:03 | [main] hibernate.Version (Version.java:44) - HHH000412: Hibernate ORM core version 5.5.2.Final
INFO  | 2021-06-17 16:13:03 | [main] java.JavaReflectionManager (JavaReflectionManager.java:56) - HCANN000001: Hibernate Commons Annotations {5.1.2.Final}
WARN  | 2021-06-17 16:13:03 | [main] internal.DriverManagerConnectionProviderImpl (DriverManagerConnectionProviderImpl.java:72) - HHH10001002: Using Hibernate built-in connection pool (not for production use!)
INFO  | 2021-06-17 16:13:03 | [main] internal.DriverManagerConnectionProviderImpl (DriverManagerConnectionProviderImpl.java:115) - HHH10001005: using driver [org.postgresql.Driver] at URL [jdbc:postgresql://database-1.cbb6txlvyz4r.us-east-2.rds.amazonaws.com:5432/postgres]
INFO  | 2021-06-17 16:13:03 | [main] internal.DriverManagerConnectionProviderImpl (DriverManagerConnectionProviderImpl.java:124) - HHH10001001: Connection properties: {password=****, user=seth}
INFO  | 2021-06-17 16:13:03 | [main] internal.DriverManagerConnectionProviderImpl (DriverManagerConnectionProviderImpl.java:129) - HHH10001003: Autocommit mode: false
INFO  | 2021-06-17 16:13:03 | [main] internal.DriverManagerConnectionProviderImpl$PooledConnections (DriverManagerConnectionProviderImpl.java:274) - HHH000115: Hibernate connection pool size: 20 (min=1)
INFO  | 2021-06-17 16:13:03 | [main] dialect.Dialect (Dialect.java:175) - HHH000400: Using dialect: org.hibernate.dialect.PostgreSQLDialect
INFO  | 2021-06-17 16:15:33 | [main] hibernate.Version (Version.java:44) - HHH000412: Hibernate ORM core version 5.5.2.Final
INFO  | 2021-06-17 16:15:33 | [main] java.JavaReflectionManager (JavaReflectionManager.java:56) - HCANN000001: Hibernate Commons Annotations {5.1.2.Final}
WARN  | 2021-06-17 16:15:33 | [main] internal.DriverManagerConnectionProviderImpl (DriverManagerConnectionProviderImpl.java:72) - HHH10001002: Using Hibernate built-in connection pool (not for production use!)
INFO  | 2021-06-17 16:15:33 | [main] internal.DriverManagerConnectionProviderImpl (DriverManagerConnectionProviderImpl.java:115) - HHH10001005: using driver [org.postgresql.Driver] at URL [jdbc:postgresql://database-1.cbb6txlvyz4r.us-east-2.rds.amazonaws.com:5432/postgres]
INFO  | 2021-06-17 16:15:33 | [main] internal.DriverManagerConnectionProviderImpl (DriverManagerConnectionProviderImpl.java:124) - HHH10001001: Connection properties: {password=****, user=seth}
INFO  | 2021-06-17 16:15:33 | [main] internal.DriverManagerConnectionProviderImpl (DriverManagerConnectionProviderImpl.java:129) - HHH10001003: Autocommit mode: false
INFO  | 2021-06-17 16:15:33 | [main] internal.DriverManagerConnectionProviderImpl$PooledConnections (DriverManagerConnectionProviderImpl.java:274) - HHH000115: Hibernate connection pool size: 20 (min=1)
INFO  | 2021-06-17 16:15:34 | [main] dialect.Dialect (Dialect.java:175) - HHH000400: Using dialect: org.hibernate.dialect.PostgreSQLDialect
INFO  | 2021-06-17 16:16:05 | [main] hibernate.Version (Version.java:44) - HHH000412: Hibernate ORM core version 5.5.2.Final
INFO  | 2021-06-17 16:16:05 | [main] java.JavaReflectionManager (JavaReflectionManager.java:56) - HCANN000001: Hibernate Commons Annotations {5.1.2.Final}
WARN  | 2021-06-17 16:16:05 | [main] internal.DriverManagerConnectionProviderImpl (DriverManagerConnectionProviderImpl.java:72) - HHH10001002: Using Hibernate built-in connection pool (not for production use!)
INFO  | 2021-06-17 16:16:05 | [main] internal.DriverManagerConnectionProviderImpl (DriverManagerConnectionProviderImpl.java:115) - HHH10001005: using driver [org.postgresql.Driver] at URL [jdbc:postgresql://database-1.cbb6txlvyz4r.us-east-2.rds.amazonaws.com:5432/postgres]
INFO  | 2021-06-17 16:16:05 | [main] internal.DriverManagerConnectionProviderImpl (DriverManagerConnectionProviderImpl.java:124) - HHH10001001: Connection properties: {password=****, user=seth}
INFO  | 2021-06-17 16:16:05 | [main] internal.DriverManagerConnectionProviderImpl (DriverManagerConnectionProviderImpl.java:129) - HHH10001003: Autocommit mode: false
INFO  | 2021-06-17 16:16:05 | [main] internal.DriverManagerConnectionProviderImpl$PooledConnections (DriverManagerConnectionProviderImpl.java:274) - HHH000115: Hibernate connection pool size: 20 (min=1)
INFO  | 2021-06-17 16:16:05 | [main] dialect.Dialect (Dialect.java:175) - HHH000400: Using dialect: org.hibernate.dialect.PostgreSQLDialect
INFO  | 2021-06-17 16:21:15 | [main] hibernate.Version (Version.java:44) - HHH000412: Hibernate ORM core version 5.5.2.Final
INFO  | 2021-06-17 16:21:15 | [main] java.JavaReflectionManager (JavaReflectionManager.java:56) - HCANN000001: Hibernate Commons Annotations {5.1.2.Final}
WARN  | 2021-06-17 16:21:15 | [main] internal.DriverManagerConnectionProviderImpl (DriverManagerConnectionProviderImpl.java:72) - HHH10001002: Using Hibernate built-in connection pool (not for production use!)
INFO  | 2021-06-17 16:21:15 | [main] internal.DriverManagerConnectionProviderImpl (DriverManagerConnectionProviderImpl.java:115) - HHH10001005: using driver [org.postgresql.Driver] at URL [jdbc:postgresql://database-1.cbb6txlvyz4r.us-east-2.rds.amazonaws.com:5432/postgres]
INFO  | 2021-06-17 16:21:15 | [main] internal.DriverManagerConnectionProviderImpl (DriverManagerConnectionProviderImpl.java:124) - HHH10001001: Connection properties: {password=****, user=seth}
INFO  | 2021-06-17 16:21:15 | [main] internal.DriverManagerConnectionProviderImpl (DriverManagerConnectionProviderImpl.java:129) - HHH10001003: Autocommit mode: false
INFO  | 2021-06-17 16:21:15 | [main] internal.DriverManagerConnectionProviderImpl$PooledConnections (DriverManagerConnectionProviderImpl.java:274) - HHH000115: Hibernate connection pool size: 20 (min=1)
INFO  | 2021-06-17 16:21:16 | [main] dialect.Dialect (Dialect.java:175) - HHH000400: Using dialect: org.hibernate.dialect.PostgreSQLDialect
INFO  | 2021-06-17 16:21:46 | [main] hibernate.Version (Version.java:44) - HHH000412: Hibernate ORM core version 5.5.2.Final
INFO  | 2021-06-17 16:21:46 | [main] java.JavaReflectionManager (JavaReflectionManager.java:56) - HCANN000001: Hibernate Commons Annotations {5.1.2.Final}
WARN  | 2021-06-17 16:21:46 | [main] internal.DriverManagerConnectionProviderImpl (DriverManagerConnectionProviderImpl.java:72) - HHH10001002: Using Hibernate built-in connection pool (not for production use!)
INFO  | 2021-06-17 16:21:46 | [main] internal.DriverManagerConnectionProviderImpl (DriverManagerConnectionProviderImpl.java:115) - HHH10001005: using driver [org.postgresql.Driver] at URL [jdbc:postgresql://database-1.cbb6txlvyz4r.us-east-2.rds.amazonaws.com:5432/postgres]
INFO  | 2021-06-17 16:21:46 | [main] internal.DriverManagerConnectionProviderImpl (DriverManagerConnectionProviderImpl.java:124) - HHH10001001: Connection properties: {password=****, user=seth}
INFO  | 2021-06-17 16:21:46 | [main] internal.DriverManagerConnectionProviderImpl (DriverManagerConnectionProviderImpl.java:129) - HHH10001003: Autocommit mode: false
INFO  | 2021-06-17 16:21:46 | [main] internal.DriverManagerConnectionProviderImpl$PooledConnections (DriverManagerConnectionProviderImpl.java:274) - HHH000115: Hibernate connection pool size: 20 (min=1)
INFO  | 2021-06-17 16:21:47 | [main] dialect.Dialect (Dialect.java:175) - HHH000400: Using dialect: org.hibernate.dialect.PostgreSQLDialect
INFO  | 2021-06-17 16:22:08 | [main] hibernate.Version (Version.java:44) - HHH000412: Hibernate ORM core version 5.5.2.Final
INFO  | 2021-06-17 16:22:08 | [main] java.JavaReflectionManager (JavaReflectionManager.java:56) - HCANN000001: Hibernate Commons Annotations {5.1.2.Final}
WARN  | 2021-06-17 16:22:08 | [main] internal.DriverManagerConnectionProviderImpl (DriverManagerConnectionProviderImpl.java:72) - HHH10001002: Using Hibernate built-in connection pool (not for production use!)
INFO  | 2021-06-17 16:22:08 | [main] internal.DriverManagerConnectionProviderImpl (DriverManagerConnectionProviderImpl.java:115) - HHH10001005: using driver [org.postgresql.Driver] at URL [jdbc:postgresql://database-1.cbb6txlvyz4r.us-east-2.rds.amazonaws.com:5432/postgres]
INFO  | 2021-06-17 16:22:08 | [main] internal.DriverManagerConnectionProviderImpl (DriverManagerConnectionProviderImpl.java:124) - HHH10001001: Connection properties: {password=****, user=seth}
INFO  | 2021-06-17 16:22:08 | [main] internal.DriverManagerConnectionProviderImpl (DriverManagerConnectionProviderImpl.java:129) - HHH10001003: Autocommit mode: false
INFO  | 2021-06-17 16:22:08 | [main] internal.DriverManagerConnectionProviderImpl$PooledConnections (DriverManagerConnectionProviderImpl.java:274) - HHH000115: Hibernate connection pool size: 20 (min=1)
INFO  | 2021-06-17 16:22:09 | [main] dialect.Dialect (Dialect.java:175) - HHH000400: Using dialect: org.hibernate.dialect.PostgreSQLDialect
INFO  | 2021-06-17 16:22:51 | [main] hibernate.Version (Version.java:44) - HHH000412: Hibernate ORM core version 5.5.2.Final
INFO  | 2021-06-17 16:22:52 | [main] java.JavaReflectionManager (JavaReflectionManager.java:56) - HCANN000001: Hibernate Commons Annotations {5.1.2.Final}
WARN  | 2021-06-17 16:22:52 | [main] internal.DriverManagerConnectionProviderImpl (DriverManagerConnectionProviderImpl.java:72) - HHH10001002: Using Hibernate built-in connection pool (not for production use!)
INFO  | 2021-06-17 16:22:52 | [main] internal.DriverManagerConnectionProviderImpl (DriverManagerConnectionProviderImpl.java:115) - HHH10001005: using driver [org.postgresql.Driver] at URL [jdbc:postgresql://database-1.cbb6txlvyz4r.us-east-2.rds.amazonaws.com:5432/postgres]
INFO  | 2021-06-17 16:22:52 | [main] internal.DriverManagerConnectionProviderImpl (DriverManagerConnectionProviderImpl.java:124) - HHH10001001: Connection properties: {password=****, user=seth}
INFO  | 2021-06-17 16:22:52 | [main] internal.DriverManagerConnectionProviderImpl (DriverManagerConnectionProviderImpl.java:129) - HHH10001003: Autocommit mode: false
INFO  | 2021-06-17 16:22:52 | [main] internal.DriverManagerConnectionProviderImpl$PooledConnections (DriverManagerConnectionProviderImpl.java:274) - HHH000115: Hibernate connection pool size: 20 (min=1)
INFO  | 2021-06-17 16:22:52 | [main] dialect.Dialect (Dialect.java:175) - HHH000400: Using dialect: org.hibernate.dialect.PostgreSQLDialect
INFO  | 2021-06-17 16:24:58 | [main] hibernate.Version (Version.java:44) - HHH000412: Hibernate ORM core version 5.5.2.Final
INFO  | 2021-06-17 16:24:59 | [main] java.JavaReflectionManager (JavaReflectionManager.java:56) - HCANN000001: Hibernate Commons Annotations {5.1.2.Final}
WARN  | 2021-06-17 16:24:59 | [main] internal.DriverManagerConnectionProviderImpl (DriverManagerConnectionProviderImpl.java:72) - HHH10001002: Using Hibernate built-in connection pool (not for production use!)
INFO  | 2021-06-17 16:24:59 | [main] internal.DriverManagerConnectionProviderImpl (DriverManagerConnectionProviderImpl.java:115) - HHH10001005: using driver [org.postgresql.Driver] at URL [jdbc:postgresql://database-1.cbb6txlvyz4r.us-east-2.rds.amazonaws.com:5432/postgres]
INFO  | 2021-06-17 16:24:59 | [main] internal.DriverManagerConnectionProviderImpl (DriverManagerConnectionProviderImpl.java:124) - HHH10001001: Connection properties: {password=****, user=seth}
INFO  | 2021-06-17 16:24:59 | [main] internal.DriverManagerConnectionProviderImpl (DriverManagerConnectionProviderImpl.java:129) - HHH10001003: Autocommit mode: false
INFO  | 2021-06-17 16:24:59 | [main] internal.DriverManagerConnectionProviderImpl$PooledConnections (DriverManagerConnectionProviderImpl.java:274) - HHH000115: Hibernate connection pool size: 20 (min=1)
INFO  | 2021-06-17 16:24:59 | [main] dialect.Dialect (Dialect.java:175) - HHH000400: Using dialect: org.hibernate.dialect.PostgreSQLDialect
INFO  | 2021-06-17 16:26:15 | [main] hibernate.Version (Version.java:44) - HHH000412: Hibernate ORM core version 5.5.2.Final
INFO  | 2021-06-17 16:26:16 | [main] java.JavaReflectionManager (JavaReflectionManager.java:56) - HCANN000001: Hibernate Commons Annotations {5.1.2.Final}
WARN  | 2021-06-17 16:26:16 | [main] internal.DriverManagerConnectionProviderImpl (DriverManagerConnectionProviderImpl.java:72) - HHH10001002: Using Hibernate built-in connection pool (not for production use!)
INFO  | 2021-06-17 16:26:16 | [main] internal.DriverManagerConnectionProviderImpl (DriverManagerConnectionProviderImpl.java:115) - HHH10001005: using driver [org.postgresql.Driver] at URL [jdbc:postgresql://database-1.cbb6txlvyz4r.us-east-2.rds.amazonaws.com:5432/postgres]
INFO  | 2021-06-17 16:26:16 | [main] internal.DriverManagerConnectionProviderImpl (DriverManagerConnectionProviderImpl.java:124) - HHH10001001: Connection properties: {password=****, user=seth}
INFO  | 2021-06-17 16:26:16 | [main] internal.DriverManagerConnectionProviderImpl (DriverManagerConnectionProviderImpl.java:129) - HHH10001003: Autocommit mode: false
INFO  | 2021-06-17 16:26:16 | [main] internal.DriverManagerConnectionProviderImpl$PooledConnections (DriverManagerConnectionProviderImpl.java:274) - HHH000115: Hibernate connection pool size: 20 (min=1)
INFO  | 2021-06-17 16:26:16 | [main] dialect.Dialect (Dialect.java:175) - HHH000400: Using dialect: org.hibernate.dialect.PostgreSQLDialect
INFO  | 2021-06-17 16:28:25 | [main] hibernate.Version (Version.java:44) - HHH000412: Hibernate ORM core version 5.5.2.Final
INFO  | 2021-06-17 16:28:25 | [main] java.JavaReflectionManager (JavaReflectionManager.java:56) - HCANN000001: Hibernate Commons Annotations {5.1.2.Final}
WARN  | 2021-06-17 16:28:25 | [main] internal.DriverManagerConnectionProviderImpl (DriverManagerConnectionProviderImpl.java:72) - HHH10001002: Using Hibernate built-in connection pool (not for production use!)
INFO  | 2021-06-17 16:28:25 | [main] internal.DriverManagerConnectionProviderImpl (DriverManagerConnectionProviderImpl.java:115) - HHH10001005: using driver [org.postgresql.Driver] at URL [jdbc:postgresql://database-1.cbb6txlvyz4r.us-east-2.rds.amazonaws.com:5432/postgres]
INFO  | 2021-06-17 16:28:25 | [main] internal.DriverManagerConnectionProviderImpl (DriverManagerConnectionProviderImpl.java:124) - HHH10001001: Connection properties: {password=****, user=seth}
INFO  | 2021-06-17 16:28:25 | [main] internal.DriverManagerConnectionProviderImpl (DriverManagerConnectionProviderImpl.java:129) - HHH10001003: Autocommit mode: false
INFO  | 2021-06-17 16:28:25 | [main] internal.DriverManagerConnectionProviderImpl$PooledConnections (DriverManagerConnectionProviderImpl.java:274) - HHH000115: Hibernate connection pool size: 20 (min=1)
INFO  | 2021-06-17 16:28:26 | [main] dialect.Dialect (Dialect.java:175) - HHH000400: Using dialect: org.hibernate.dialect.PostgreSQLDialect
INFO  | 2021-06-17 16:28:26 | [main] internal.JtaPlatformInitiator (JtaPlatformInitiator.java:52) - HHH000490: Using JtaPlatform implementation: [org.hibernate.engine.transaction.jta.platform.internal.NoJtaPlatform]
INFO  | 2021-06-17 16:29:05 | [main] hibernate.Version (Version.java:44) - HHH000412: Hibernate ORM core version 5.5.2.Final
INFO  | 2021-06-17 16:29:06 | [main] java.JavaReflectionManager (JavaReflectionManager.java:56) - HCANN000001: Hibernate Commons Annotations {5.1.2.Final}
WARN  | 2021-06-17 16:29:06 | [main] internal.DriverManagerConnectionProviderImpl (DriverManagerConnectionProviderImpl.java:72) - HHH10001002: Using Hibernate built-in connection pool (not for production use!)
INFO  | 2021-06-17 16:29:06 | [main] internal.DriverManagerConnectionProviderImpl (DriverManagerConnectionProviderImpl.java:115) - HHH10001005: using driver [org.postgresql.Driver] at URL [jdbc:postgresql://database-1.cbb6txlvyz4r.us-east-2.rds.amazonaws.com:5432/postgres]
INFO  | 2021-06-17 16:29:06 | [main] internal.DriverManagerConnectionProviderImpl (DriverManagerConnectionProviderImpl.java:124) - HHH10001001: Connection properties: {password=****, user=seth}
INFO  | 2021-06-17 16:29:06 | [main] internal.DriverManagerConnectionProviderImpl (DriverManagerConnectionProviderImpl.java:129) - HHH10001003: Autocommit mode: false
INFO  | 2021-06-17 16:29:06 | [main] internal.DriverManagerConnectionProviderImpl$PooledConnections (DriverManagerConnectionProviderImpl.java:274) - HHH000115: Hibernate connection pool size: 20 (min=1)
INFO  | 2021-06-17 16:29:06 | [main] dialect.Dialect (Dialect.java:175) - HHH000400: Using dialect: org.hibernate.dialect.PostgreSQLDialect
INFO  | 2021-06-17 16:29:06 | [main] internal.JtaPlatformInitiator (JtaPlatformInitiator.java:52) - HHH000490: Using JtaPlatform implementation: [org.hibernate.engine.transaction.jta.platform.internal.NoJtaPlatform]
INFO  | 2021-06-17 16:30:03 | [main] hibernate.Version (Version.java:44) - HHH000412: Hibernate ORM core version 5.5.2.Final
INFO  | 2021-06-17 16:30:03 | [main] java.JavaReflectionManager (JavaReflectionManager.java:56) - HCANN000001: Hibernate Commons Annotations {5.1.2.Final}
WARN  | 2021-06-17 16:30:03 | [main] internal.DriverManagerConnectionProviderImpl (DriverManagerConnectionProviderImpl.java:72) - HHH10001002: Using Hibernate built-in connection pool (not for production use!)
INFO  | 2021-06-17 16:30:03 | [main] internal.DriverManagerConnectionProviderImpl (DriverManagerConnectionProviderImpl.java:115) - HHH10001005: using driver [org.postgresql.Driver] at URL [jdbc:postgresql://database-1.cbb6txlvyz4r.us-east-2.rds.amazonaws.com:5432/postgres]
INFO  | 2021-06-17 16:30:03 | [main] internal.DriverManagerConnectionProviderImpl (DriverManagerConnectionProviderImpl.java:124) - HHH10001001: Connection properties: {password=****, user=seth}
INFO  | 2021-06-17 16:30:03 | [main] internal.DriverManagerConnectionProviderImpl (DriverManagerConnectionProviderImpl.java:129) - HHH10001003: Autocommit mode: false
INFO  | 2021-06-17 16:30:03 | [main] internal.DriverManagerConnectionProviderImpl$PooledConnections (DriverManagerConnectionProviderImpl.java:274) - HHH000115: Hibernate connection pool size: 20 (min=1)
INFO  | 2021-06-17 16:30:04 | [main] dialect.Dialect (Dialect.java:175) - HHH000400: Using dialect: org.hibernate.dialect.PostgreSQLDialect
INFO  | 2021-06-17 16:30:04 | [main] internal.JtaPlatformInitiator (JtaPlatformInitiator.java:52) - HHH000490: Using JtaPlatform implementation: [org.hibernate.engine.transaction.jta.platform.internal.NoJtaPlatform]
INFO  | 2021-06-17 16:30:46 | [main] hibernate.Version (Version.java:44) - HHH000412: Hibernate ORM core version 5.5.2.Final
INFO  | 2021-06-17 16:30:46 | [main] java.JavaReflectionManager (JavaReflectionManager.java:56) - HCANN000001: Hibernate Commons Annotations {5.1.2.Final}
WARN  | 2021-06-17 16:30:46 | [main] internal.DriverManagerConnectionProviderImpl (DriverManagerConnectionProviderImpl.java:72) - HHH10001002: Using Hibernate built-in connection pool (not for production use!)
INFO  | 2021-06-17 16:30:46 | [main] internal.DriverManagerConnectionProviderImpl (DriverManagerConnectionProviderImpl.java:115) - HHH10001005: using driver [org.postgresql.Driver] at URL [jdbc:postgresql://database-1.cbb6txlvyz4r.us-east-2.rds.amazonaws.com:5432/postgres]
INFO  | 2021-06-17 16:30:46 | [main] internal.DriverManagerConnectionProviderImpl (DriverManagerConnectionProviderImpl.java:124) - HHH10001001: Connection properties: {password=****, user=seth}
INFO  | 2021-06-17 16:30:46 | [main] internal.DriverManagerConnectionProviderImpl (DriverManagerConnectionProviderImpl.java:129) - HHH10001003: Autocommit mode: false
INFO  | 2021-06-17 16:30:46 | [main] internal.DriverManagerConnectionProviderImpl$PooledConnections (DriverManagerConnectionProviderImpl.java:274) - HHH000115: Hibernate connection pool size: 20 (min=1)
INFO  | 2021-06-17 16:30:47 | [main] dialect.Dialect (Dialect.java:175) - HHH000400: Using dialect: org.hibernate.dialect.PostgreSQLDialect
INFO  | 2021-06-17 16:30:47 | [main] internal.JtaPlatformInitiator (JtaPlatformInitiator.java:52) - HHH000490: Using JtaPlatform implementation: [org.hibernate.engine.transaction.jta.platform.internal.NoJtaPlatform]
INFO  | 2021-06-17 16:31:19 | [main] hibernate.Version (Version.java:44) - HHH000412: Hibernate ORM core version 5.5.2.Final
INFO  | 2021-06-17 16:31:20 | [main] java.JavaReflectionManager (JavaReflectionManager.java:56) - HCANN000001: Hibernate Commons Annotations {5.1.2.Final}
WARN  | 2021-06-17 16:31:20 | [main] internal.DriverManagerConnectionProviderImpl (DriverManagerConnectionProviderImpl.java:72) - HHH10001002: Using Hibernate built-in connection pool (not for production use!)
INFO  | 2021-06-17 16:31:20 | [main] internal.DriverManagerConnectionProviderImpl (DriverManagerConnectionProviderImpl.java:115) - HHH10001005: using driver [org.postgresql.Driver] at URL [jdbc:postgresql://database-1.cbb6txlvyz4r.us-east-2.rds.amazonaws.com:5432/postgres]
INFO  | 2021-06-17 16:31:20 | [main] internal.DriverManagerConnectionProviderImpl (DriverManagerConnectionProviderImpl.java:124) - HHH10001001: Connection properties: {password=****, user=seth}
INFO  | 2021-06-17 16:31:20 | [main] internal.DriverManagerConnectionProviderImpl (DriverManagerConnectionProviderImpl.java:129) - HHH10001003: Autocommit mode: false
INFO  | 2021-06-17 16:31:20 | [main] internal.DriverManagerConnectionProviderImpl$PooledConnections (DriverManagerConnectionProviderImpl.java:274) - HHH000115: Hibernate connection pool size: 20 (min=1)
INFO  | 2021-06-17 16:31:20 | [main] dialect.Dialect (Dialect.java:175) - HHH000400: Using dialect: org.hibernate.dialect.PostgreSQLDialect
INFO  | 2021-06-17 16:31:20 | [main] internal.JtaPlatformInitiator (JtaPlatformInitiator.java:52) - HHH000490: Using JtaPlatform implementation: [org.hibernate.engine.transaction.jta.platform.internal.NoJtaPlatform]
INFO  | 2021-06-17 16:31:20 | [main] internal.DefaultLoadEventListener (DefaultLoadEventListener.java:116) - HHH000327: Error performing load command
org.hibernate.PropertyAccessException: Could not set field value [Editor [id=1, username=null, password=null, first=null, last=null, type=null]] value by reflection : [class com.revature.beans.SPForm.ae_id] setter of com.revature.beans.SPForm.ae_id
	at org.hibernate.property.access.spi.SetterFieldImpl.set(SetterFieldImpl.java:72) ~[hibernate-core-5.5.2.Final.jar:5.5.2.Final]
	at org.hibernate.tuple.entity.AbstractEntityTuplizer.setPropertyValues(AbstractEntityTuplizer.java:681) ~[hibernate-core-5.5.2.Final.jar:5.5.2.Final]
	at org.hibernate.tuple.entity.PojoEntityTuplizer.setPropertyValues(PojoEntityTuplizer.java:144) ~[hibernate-core-5.5.2.Final.jar:5.5.2.Final]
	at org.hibernate.persister.entity.AbstractEntityPersister.setPropertyValues(AbstractEntityPersister.java:5242) ~[hibernate-core-5.5.2.Final.jar:5.5.2.Final]
	at org.hibernate.engine.internal.TwoPhaseLoad.initializeEntityFromEntityEntryLoadedState(TwoPhaseLoad.java:253) ~[hibernate-core-5.5.2.Final.jar:5.5.2.Final]
	at org.hibernate.engine.internal.TwoPhaseLoad.initializeEntity(TwoPhaseLoad.java:156) ~[hibernate-core-5.5.2.Final.jar:5.5.2.Final]
	at org.hibernate.engine.internal.TwoPhaseLoad.initializeEntity(TwoPhaseLoad.java:126) ~[hibernate-core-5.5.2.Final.jar:5.5.2.Final]
	at org.hibernate.loader.plan.exec.process.internal.AbstractRowReader.performTwoPhaseLoad(AbstractRowReader.java:221) ~[hibernate-core-5.5.2.Final.jar:5.5.2.Final]
	at org.hibernate.loader.plan.exec.process.internal.AbstractRowReader.finishUp(AbstractRowReader.java:187) ~[hibernate-core-5.5.2.Final.jar:5.5.2.Final]
	at org.hibernate.loader.plan.exec.process.internal.ResultSetProcessorImpl.extractResults(ResultSetProcessorImpl.java:96) ~[hibernate-core-5.5.2.Final.jar:5.5.2.Final]
	at org.hibernate.loader.plan.exec.internal.AbstractLoadPlanBasedLoader.executeLoad(AbstractLoadPlanBasedLoader.java:105) ~[hibernate-core-5.5.2.Final.jar:5.5.2.Final]
	at org.hibernate.loader.entity.plan.AbstractLoadPlanBasedEntityLoader.load(AbstractLoadPlanBasedEntityLoader.java:285) ~[hibernate-core-5.5.2.Final.jar:5.5.2.Final]
	at org.hibernate.persister.entity.AbstractEntityPersister.doLoad(AbstractEntityPersister.java:4519) ~[hibernate-core-5.5.2.Final.jar:5.5.2.Final]
	at org.hibernate.persister.entity.AbstractEntityPersister.load(AbstractEntityPersister.java:4509) ~[hibernate-core-5.5.2.Final.jar:5.5.2.Final]
	at org.hibernate.event.internal.DefaultLoadEventListener.loadFromDatasource(DefaultLoadEventListener.java:571) ~[hibernate-core-5.5.2.Final.jar:5.5.2.Final]
	at org.hibernate.event.internal.DefaultLoadEventListener.doLoad(DefaultLoadEventListener.java:539) ~[hibernate-core-5.5.2.Final.jar:5.5.2.Final]
	at org.hibernate.event.internal.DefaultLoadEventListener.load(DefaultLoadEventListener.java:208) ~[hibernate-core-5.5.2.Final.jar:5.5.2.Final]
	at org.hibernate.event.internal.DefaultLoadEventListener.proxyOrLoad(DefaultLoadEventListener.java:327) ~[hibernate-core-5.5.2.Final.jar:5.5.2.Final]
	at org.hibernate.event.internal.DefaultLoadEventListener.doOnLoad(DefaultLoadEventListener.java:108) ~[hibernate-core-5.5.2.Final.jar:5.5.2.Final]
	at org.hibernate.event.internal.DefaultLoadEventListener.onLoad(DefaultLoadEventListener.java:74) ~[hibernate-core-5.5.2.Final.jar:5.5.2.Final]
	at org.hibernate.event.service.internal.EventListenerGroupImpl.fireEventOnEachListener(EventListenerGroupImpl.java:118) ~[hibernate-core-5.5.2.Final.jar:5.5.2.Final]
	at org.hibernate.internal.SessionImpl.fireLoadNoChecks(SessionImpl.java:1215) ~[hibernate-core-5.5.2.Final.jar:5.5.2.Final]
	at org.hibernate.internal.SessionImpl.fireLoad(SessionImpl.java:1204) ~[hibernate-core-5.5.2.Final.jar:5.5.2.Final]
	at org.hibernate.internal.SessionImpl.access$2100(SessionImpl.java:203) ~[hibernate-core-5.5.2.Final.jar:5.5.2.Final]
	at org.hibernate.internal.SessionImpl$IdentifierLoadAccessImpl.doLoad(SessionImpl.java:2819) ~[hibernate-core-5.5.2.Final.jar:5.5.2.Final]
	at org.hibernate.internal.SessionImpl$IdentifierLoadAccessImpl.lambda$load$1(SessionImpl.java:2796) ~[hibernate-core-5.5.2.Final.jar:5.5.2.Final]
	at org.hibernate.internal.SessionImpl$IdentifierLoadAccessImpl.perform(SessionImpl.java:2752) [hibernate-core-5.5.2.Final.jar:5.5.2.Final]
	at org.hibernate.internal.SessionImpl$IdentifierLoadAccessImpl.load(SessionImpl.java:2796) [hibernate-core-5.5.2.Final.jar:5.5.2.Final]
	at org.hibernate.internal.SessionImpl.get(SessionImpl.java:1012) [hibernate-core-5.5.2.Final.jar:5.5.2.Final]
	at com.revature.daos.SPFormDAOImpl.getById(SPFormDAOImpl.java:122) [classes/:?]
	at com.revature.daos.SPFormDAOImpl.getById(SPFormDAOImpl.java:1) [classes/:?]
	at com.revature.daotests.SPFormDaoTests.getFormTest(SPFormDaoTests.java:31) [test-classes/:?]
	at jdk.internal.reflect.NativeMethodAccessorImpl.invoke0(Native Method) ~[?:?]
	at jdk.internal.reflect.NativeMethodAccessorImpl.invoke(NativeMethodAccessorImpl.java:64) ~[?:?]
	at jdk.internal.reflect.DelegatingMethodAccessorImpl.invoke(DelegatingMethodAccessorImpl.java:43) ~[?:?]
	at java.lang.reflect.Method.invoke(Method.java:564) ~[?:?]
	at org.junit.runners.model.FrameworkMethod$1.runReflectiveCall(FrameworkMethod.java:59) [junit-4.13.2.jar:4.13.2]
	at org.junit.internal.runners.model.ReflectiveCallable.run(ReflectiveCallable.java:12) [junit-4.13.2.jar:4.13.2]
	at org.junit.runners.model.FrameworkMethod.invokeExplosively(FrameworkMethod.java:56) [junit-4.13.2.jar:4.13.2]
	at org.junit.internal.runners.statements.InvokeMethod.evaluate(InvokeMethod.java:17) [junit-4.13.2.jar:4.13.2]
	at org.junit.runners.ParentRunner$3.evaluate(ParentRunner.java:306) [junit-4.13.2.jar:4.13.2]
	at org.junit.runners.BlockJUnit4ClassRunner$1.evaluate(BlockJUnit4ClassRunner.java:100) [junit-4.13.2.jar:4.13.2]
	at org.junit.runners.ParentRunner.runLeaf(ParentRunner.java:366) [junit-4.13.2.jar:4.13.2]
	at org.junit.runners.BlockJUnit4ClassRunner.runChild(BlockJUnit4ClassRunner.java:103) [junit-4.13.2.jar:4.13.2]
	at org.junit.runners.BlockJUnit4ClassRunner.runChild(BlockJUnit4ClassRunner.java:63) [junit-4.13.2.jar:4.13.2]
	at org.junit.runners.ParentRunner$4.run(ParentRunner.java:331) [junit-4.13.2.jar:4.13.2]
	at org.junit.runners.ParentRunner$1.schedule(ParentRunner.java:79) [junit-4.13.2.jar:4.13.2]
	at org.junit.runners.ParentRunner.runChildren(ParentRunner.java:329) [junit-4.13.2.jar:4.13.2]
	at org.junit.runners.ParentRunner.access$100(ParentRunner.java:66) [junit-4.13.2.jar:4.13.2]
	at org.junit.runners.ParentRunner$2.evaluate(ParentRunner.java:293) [junit-4.13.2.jar:4.13.2]
	at org.junit.runners.ParentRunner$3.evaluate(ParentRunner.java:306) [junit-4.13.2.jar:4.13.2]
	at org.junit.runners.ParentRunner.run(ParentRunner.java:413) [junit-4.13.2.jar:4.13.2]
	at org.eclipse.jdt.internal.junit4.runner.JUnit4TestReference.run(JUnit4TestReference.java:89) [.cp/:?]
	at org.eclipse.jdt.internal.junit.runner.TestExecution.run(TestExecution.java:40) [.cp/:?]
	at org.eclipse.jdt.internal.junit.runner.RemoteTestRunner.runTests(RemoteTestRunner.java:541) [.cp/:?]
	at org.eclipse.jdt.internal.junit.runner.RemoteTestRunner.runTests(RemoteTestRunner.java:768) [.cp/:?]
	at org.eclipse.jdt.internal.junit.runner.RemoteTestRunner.run(RemoteTestRunner.java:464) [.cp/:?]
	at org.eclipse.jdt.internal.junit.runner.RemoteTestRunner.main(RemoteTestRunner.java:210) [.cp/:?]
Caused by: java.lang.IllegalArgumentException: Can not set java.lang.Integer field com.revature.beans.SPForm.ae_id to com.revature.beans.Editor
	at jdk.internal.reflect.UnsafeFieldAccessorImpl.throwSetIllegalArgumentException(UnsafeFieldAccessorImpl.java:167) ~[?:?]
	at jdk.internal.reflect.UnsafeFieldAccessorImpl.throwSetIllegalArgumentException(UnsafeFieldAccessorImpl.java:171) ~[?:?]
	at jdk.internal.reflect.UnsafeObjectFieldAccessorImpl.set(UnsafeObjectFieldAccessorImpl.java:81) ~[?:?]
	at java.lang.reflect.Field.set(Field.java:793) ~[?:?]
	at org.hibernate.property.access.spi.SetterFieldImpl.set(SetterFieldImpl.java:52) ~[hibernate-core-5.5.2.Final.jar:5.5.2.Final]
	... 57 more
INFO  | 2021-06-17 16:36:06 | [main] hibernate.Version (Version.java:44) - HHH000412: Hibernate ORM core version 5.5.2.Final
INFO  | 2021-06-17 16:36:06 | [main] java.JavaReflectionManager (JavaReflectionManager.java:56) - HCANN000001: Hibernate Commons Annotations {5.1.2.Final}
WARN  | 2021-06-17 16:36:06 | [main] internal.DriverManagerConnectionProviderImpl (DriverManagerConnectionProviderImpl.java:72) - HHH10001002: Using Hibernate built-in connection pool (not for production use!)
INFO  | 2021-06-17 16:36:06 | [main] internal.DriverManagerConnectionProviderImpl (DriverManagerConnectionProviderImpl.java:115) - HHH10001005: using driver [org.postgresql.Driver] at URL [jdbc:postgresql://database-1.cbb6txlvyz4r.us-east-2.rds.amazonaws.com:5432/postgres]
INFO  | 2021-06-17 16:36:06 | [main] internal.DriverManagerConnectionProviderImpl (DriverManagerConnectionProviderImpl.java:124) - HHH10001001: Connection properties: {password=****, user=seth}
INFO  | 2021-06-17 16:36:06 | [main] internal.DriverManagerConnectionProviderImpl (DriverManagerConnectionProviderImpl.java:129) - HHH10001003: Autocommit mode: false
INFO  | 2021-06-17 16:36:06 | [main] internal.DriverManagerConnectionProviderImpl$PooledConnections (DriverManagerConnectionProviderImpl.java:274) - HHH000115: Hibernate connection pool size: 20 (min=1)
INFO  | 2021-06-17 16:36:07 | [main] dialect.Dialect (Dialect.java:175) - HHH000400: Using dialect: org.hibernate.dialect.PostgreSQLDialect
INFO  | 2021-06-17 16:36:07 | [main] internal.JtaPlatformInitiator (JtaPlatformInitiator.java:52) - HHH000490: Using JtaPlatform implementation: [org.hibernate.engine.transaction.jta.platform.internal.NoJtaPlatform]
INFO  | 2021-06-17 16:36:07 | [main] internal.DefaultLoadEventListener (DefaultLoadEventListener.java:116) - HHH000327: Error performing load command
org.hibernate.PropertyAccessException: Could not set field value [Author [id=1, username=null, password=null, first=null, last=null, points=null]] value by reflection : [class com.revature.beans.SPForm.author_id] setter of com.revature.beans.SPForm.author_id
	at org.hibernate.property.access.spi.SetterFieldImpl.set(SetterFieldImpl.java:72) ~[hibernate-core-5.5.2.Final.jar:5.5.2.Final]
	at org.hibernate.tuple.entity.AbstractEntityTuplizer.setPropertyValues(AbstractEntityTuplizer.java:681) ~[hibernate-core-5.5.2.Final.jar:5.5.2.Final]
	at org.hibernate.tuple.entity.PojoEntityTuplizer.setPropertyValues(PojoEntityTuplizer.java:144) ~[hibernate-core-5.5.2.Final.jar:5.5.2.Final]
	at org.hibernate.persister.entity.AbstractEntityPersister.setPropertyValues(AbstractEntityPersister.java:5242) ~[hibernate-core-5.5.2.Final.jar:5.5.2.Final]
	at org.hibernate.engine.internal.TwoPhaseLoad.initializeEntityFromEntityEntryLoadedState(TwoPhaseLoad.java:253) ~[hibernate-core-5.5.2.Final.jar:5.5.2.Final]
	at org.hibernate.engine.internal.TwoPhaseLoad.initializeEntity(TwoPhaseLoad.java:156) ~[hibernate-core-5.5.2.Final.jar:5.5.2.Final]
	at org.hibernate.engine.internal.TwoPhaseLoad.initializeEntity(TwoPhaseLoad.java:126) ~[hibernate-core-5.5.2.Final.jar:5.5.2.Final]
	at org.hibernate.loader.plan.exec.process.internal.AbstractRowReader.performTwoPhaseLoad(AbstractRowReader.java:221) ~[hibernate-core-5.5.2.Final.jar:5.5.2.Final]
	at org.hibernate.loader.plan.exec.process.internal.AbstractRowReader.finishUp(AbstractRowReader.java:187) ~[hibernate-core-5.5.2.Final.jar:5.5.2.Final]
	at org.hibernate.loader.plan.exec.process.internal.ResultSetProcessorImpl.extractResults(ResultSetProcessorImpl.java:96) ~[hibernate-core-5.5.2.Final.jar:5.5.2.Final]
	at org.hibernate.loader.plan.exec.internal.AbstractLoadPlanBasedLoader.executeLoad(AbstractLoadPlanBasedLoader.java:105) ~[hibernate-core-5.5.2.Final.jar:5.5.2.Final]
	at org.hibernate.loader.entity.plan.AbstractLoadPlanBasedEntityLoader.load(AbstractLoadPlanBasedEntityLoader.java:285) ~[hibernate-core-5.5.2.Final.jar:5.5.2.Final]
	at org.hibernate.persister.entity.AbstractEntityPersister.doLoad(AbstractEntityPersister.java:4519) ~[hibernate-core-5.5.2.Final.jar:5.5.2.Final]
	at org.hibernate.persister.entity.AbstractEntityPersister.load(AbstractEntityPersister.java:4509) ~[hibernate-core-5.5.2.Final.jar:5.5.2.Final]
	at org.hibernate.event.internal.DefaultLoadEventListener.loadFromDatasource(DefaultLoadEventListener.java:571) ~[hibernate-core-5.5.2.Final.jar:5.5.2.Final]
	at org.hibernate.event.internal.DefaultLoadEventListener.doLoad(DefaultLoadEventListener.java:539) ~[hibernate-core-5.5.2.Final.jar:5.5.2.Final]
	at org.hibernate.event.internal.DefaultLoadEventListener.load(DefaultLoadEventListener.java:208) ~[hibernate-core-5.5.2.Final.jar:5.5.2.Final]
	at org.hibernate.event.internal.DefaultLoadEventListener.proxyOrLoad(DefaultLoadEventListener.java:327) ~[hibernate-core-5.5.2.Final.jar:5.5.2.Final]
	at org.hibernate.event.internal.DefaultLoadEventListener.doOnLoad(DefaultLoadEventListener.java:108) ~[hibernate-core-5.5.2.Final.jar:5.5.2.Final]
	at org.hibernate.event.internal.DefaultLoadEventListener.onLoad(DefaultLoadEventListener.java:74) ~[hibernate-core-5.5.2.Final.jar:5.5.2.Final]
	at org.hibernate.event.service.internal.EventListenerGroupImpl.fireEventOnEachListener(EventListenerGroupImpl.java:118) ~[hibernate-core-5.5.2.Final.jar:5.5.2.Final]
	at org.hibernate.internal.SessionImpl.fireLoadNoChecks(SessionImpl.java:1215) ~[hibernate-core-5.5.2.Final.jar:5.5.2.Final]
	at org.hibernate.internal.SessionImpl.fireLoad(SessionImpl.java:1204) ~[hibernate-core-5.5.2.Final.jar:5.5.2.Final]
	at org.hibernate.internal.SessionImpl.access$2100(SessionImpl.java:203) ~[hibernate-core-5.5.2.Final.jar:5.5.2.Final]
	at org.hibernate.internal.SessionImpl$IdentifierLoadAccessImpl.doLoad(SessionImpl.java:2819) ~[hibernate-core-5.5.2.Final.jar:5.5.2.Final]
	at org.hibernate.internal.SessionImpl$IdentifierLoadAccessImpl.lambda$load$1(SessionImpl.java:2796) ~[hibernate-core-5.5.2.Final.jar:5.5.2.Final]
	at org.hibernate.internal.SessionImpl$IdentifierLoadAccessImpl.perform(SessionImpl.java:2752) [hibernate-core-5.5.2.Final.jar:5.5.2.Final]
	at org.hibernate.internal.SessionImpl$IdentifierLoadAccessImpl.load(SessionImpl.java:2796) [hibernate-core-5.5.2.Final.jar:5.5.2.Final]
	at org.hibernate.internal.SessionImpl.get(SessionImpl.java:1012) [hibernate-core-5.5.2.Final.jar:5.5.2.Final]
	at com.revature.daos.SPFormDAOImpl.getById(SPFormDAOImpl.java:122) [classes/:?]
	at com.revature.daos.SPFormDAOImpl.getById(SPFormDAOImpl.java:1) [classes/:?]
	at com.revature.daotests.SPFormDaoTests.getFormTest(SPFormDaoTests.java:31) [test-classes/:?]
	at jdk.internal.reflect.NativeMethodAccessorImpl.invoke0(Native Method) ~[?:?]
	at jdk.internal.reflect.NativeMethodAccessorImpl.invoke(NativeMethodAccessorImpl.java:64) ~[?:?]
	at jdk.internal.reflect.DelegatingMethodAccessorImpl.invoke(DelegatingMethodAccessorImpl.java:43) ~[?:?]
	at java.lang.reflect.Method.invoke(Method.java:564) ~[?:?]
	at org.junit.runners.model.FrameworkMethod$1.runReflectiveCall(FrameworkMethod.java:59) [junit-4.13.2.jar:4.13.2]
	at org.junit.internal.runners.model.ReflectiveCallable.run(ReflectiveCallable.java:12) [junit-4.13.2.jar:4.13.2]
	at org.junit.runners.model.FrameworkMethod.invokeExplosively(FrameworkMethod.java:56) [junit-4.13.2.jar:4.13.2]
	at org.junit.internal.runners.statements.InvokeMethod.evaluate(InvokeMethod.java:17) [junit-4.13.2.jar:4.13.2]
	at org.junit.runners.ParentRunner$3.evaluate(ParentRunner.java:306) [junit-4.13.2.jar:4.13.2]
	at org.junit.runners.BlockJUnit4ClassRunner$1.evaluate(BlockJUnit4ClassRunner.java:100) [junit-4.13.2.jar:4.13.2]
	at org.junit.runners.ParentRunner.runLeaf(ParentRunner.java:366) [junit-4.13.2.jar:4.13.2]
	at org.junit.runners.BlockJUnit4ClassRunner.runChild(BlockJUnit4ClassRunner.java:103) [junit-4.13.2.jar:4.13.2]
	at org.junit.runners.BlockJUnit4ClassRunner.runChild(BlockJUnit4ClassRunner.java:63) [junit-4.13.2.jar:4.13.2]
	at org.junit.runners.ParentRunner$4.run(ParentRunner.java:331) [junit-4.13.2.jar:4.13.2]
	at org.junit.runners.ParentRunner$1.schedule(ParentRunner.java:79) [junit-4.13.2.jar:4.13.2]
	at org.junit.runners.ParentRunner.runChildren(ParentRunner.java:329) [junit-4.13.2.jar:4.13.2]
	at org.junit.runners.ParentRunner.access$100(ParentRunner.java:66) [junit-4.13.2.jar:4.13.2]
	at org.junit.runners.ParentRunner$2.evaluate(ParentRunner.java:293) [junit-4.13.2.jar:4.13.2]
	at org.junit.runners.ParentRunner$3.evaluate(ParentRunner.java:306) [junit-4.13.2.jar:4.13.2]
	at org.junit.runners.ParentRunner.run(ParentRunner.java:413) [junit-4.13.2.jar:4.13.2]
	at org.eclipse.jdt.internal.junit4.runner.JUnit4TestReference.run(JUnit4TestReference.java:89) [.cp/:?]
	at org.eclipse.jdt.internal.junit.runner.TestExecution.run(TestExecution.java:40) [.cp/:?]
	at org.eclipse.jdt.internal.junit.runner.RemoteTestRunner.runTests(RemoteTestRunner.java:541) [.cp/:?]
	at org.eclipse.jdt.internal.junit.runner.RemoteTestRunner.runTests(RemoteTestRunner.java:768) [.cp/:?]
	at org.eclipse.jdt.internal.junit.runner.RemoteTestRunner.run(RemoteTestRunner.java:464) [.cp/:?]
	at org.eclipse.jdt.internal.junit.runner.RemoteTestRunner.main(RemoteTestRunner.java:210) [.cp/:?]
Caused by: java.lang.IllegalArgumentException: Can not set java.lang.Integer field com.revature.beans.SPForm.author_id to com.revature.beans.Author
	at jdk.internal.reflect.UnsafeFieldAccessorImpl.throwSetIllegalArgumentException(UnsafeFieldAccessorImpl.java:167) ~[?:?]
	at jdk.internal.reflect.UnsafeFieldAccessorImpl.throwSetIllegalArgumentException(UnsafeFieldAccessorImpl.java:171) ~[?:?]
	at jdk.internal.reflect.UnsafeObjectFieldAccessorImpl.set(UnsafeObjectFieldAccessorImpl.java:81) ~[?:?]
	at java.lang.reflect.Field.set(Field.java:793) ~[?:?]
	at org.hibernate.property.access.spi.SetterFieldImpl.set(SetterFieldImpl.java:52) ~[hibernate-core-5.5.2.Final.jar:5.5.2.Final]
	... 57 more
INFO  | 2021-06-17 16:37:17 | [main] hibernate.Version (Version.java:44) - HHH000412: Hibernate ORM core version 5.5.2.Final
INFO  | 2021-06-17 16:37:17 | [main] java.JavaReflectionManager (JavaReflectionManager.java:56) - HCANN000001: Hibernate Commons Annotations {5.1.2.Final}
WARN  | 2021-06-17 16:37:17 | [main] internal.DriverManagerConnectionProviderImpl (DriverManagerConnectionProviderImpl.java:72) - HHH10001002: Using Hibernate built-in connection pool (not for production use!)
INFO  | 2021-06-17 16:37:17 | [main] internal.DriverManagerConnectionProviderImpl (DriverManagerConnectionProviderImpl.java:115) - HHH10001005: using driver [org.postgresql.Driver] at URL [jdbc:postgresql://database-1.cbb6txlvyz4r.us-east-2.rds.amazonaws.com:5432/postgres]
INFO  | 2021-06-17 16:37:17 | [main] internal.DriverManagerConnectionProviderImpl (DriverManagerConnectionProviderImpl.java:124) - HHH10001001: Connection properties: {password=****, user=seth}
INFO  | 2021-06-17 16:37:17 | [main] internal.DriverManagerConnectionProviderImpl (DriverManagerConnectionProviderImpl.java:129) - HHH10001003: Autocommit mode: false
INFO  | 2021-06-17 16:37:17 | [main] internal.DriverManagerConnectionProviderImpl$PooledConnections (DriverManagerConnectionProviderImpl.java:274) - HHH000115: Hibernate connection pool size: 20 (min=1)
INFO  | 2021-06-17 16:37:17 | [main] dialect.Dialect (Dialect.java:175) - HHH000400: Using dialect: org.hibernate.dialect.PostgreSQLDialect
INFO  | 2021-06-17 16:37:18 | [main] internal.JtaPlatformInitiator (JtaPlatformInitiator.java:52) - HHH000490: Using JtaPlatform implementation: [org.hibernate.engine.transaction.jta.platform.internal.NoJtaPlatform]
INFO  | 2021-06-17 16:37:18 | [main] internal.DefaultLoadEventListener (DefaultLoadEventListener.java:116) - HHH000327: Error performing load command
org.hibernate.PropertyAccessException: Could not set field value [Genre [name=fantasy]] value by reflection : [class com.revature.beans.SPForm.genre] setter of com.revature.beans.SPForm.genre
	at org.hibernate.property.access.spi.SetterFieldImpl.set(SetterFieldImpl.java:72) ~[hibernate-core-5.5.2.Final.jar:5.5.2.Final]
	at org.hibernate.tuple.entity.AbstractEntityTuplizer.setPropertyValues(AbstractEntityTuplizer.java:681) ~[hibernate-core-5.5.2.Final.jar:5.5.2.Final]
	at org.hibernate.tuple.entity.PojoEntityTuplizer.setPropertyValues(PojoEntityTuplizer.java:144) ~[hibernate-core-5.5.2.Final.jar:5.5.2.Final]
	at org.hibernate.persister.entity.AbstractEntityPersister.setPropertyValues(AbstractEntityPersister.java:5242) ~[hibernate-core-5.5.2.Final.jar:5.5.2.Final]
	at org.hibernate.engine.internal.TwoPhaseLoad.initializeEntityFromEntityEntryLoadedState(TwoPhaseLoad.java:253) ~[hibernate-core-5.5.2.Final.jar:5.5.2.Final]
	at org.hibernate.engine.internal.TwoPhaseLoad.initializeEntity(TwoPhaseLoad.java:156) ~[hibernate-core-5.5.2.Final.jar:5.5.2.Final]
	at org.hibernate.engine.internal.TwoPhaseLoad.initializeEntity(TwoPhaseLoad.java:126) ~[hibernate-core-5.5.2.Final.jar:5.5.2.Final]
	at org.hibernate.loader.plan.exec.process.internal.AbstractRowReader.performTwoPhaseLoad(AbstractRowReader.java:221) ~[hibernate-core-5.5.2.Final.jar:5.5.2.Final]
	at org.hibernate.loader.plan.exec.process.internal.AbstractRowReader.finishUp(AbstractRowReader.java:187) ~[hibernate-core-5.5.2.Final.jar:5.5.2.Final]
	at org.hibernate.loader.plan.exec.process.internal.ResultSetProcessorImpl.extractResults(ResultSetProcessorImpl.java:96) ~[hibernate-core-5.5.2.Final.jar:5.5.2.Final]
	at org.hibernate.loader.plan.exec.internal.AbstractLoadPlanBasedLoader.executeLoad(AbstractLoadPlanBasedLoader.java:105) ~[hibernate-core-5.5.2.Final.jar:5.5.2.Final]
	at org.hibernate.loader.entity.plan.AbstractLoadPlanBasedEntityLoader.load(AbstractLoadPlanBasedEntityLoader.java:285) ~[hibernate-core-5.5.2.Final.jar:5.5.2.Final]
	at org.hibernate.persister.entity.AbstractEntityPersister.doLoad(AbstractEntityPersister.java:4519) ~[hibernate-core-5.5.2.Final.jar:5.5.2.Final]
	at org.hibernate.persister.entity.AbstractEntityPersister.load(AbstractEntityPersister.java:4509) ~[hibernate-core-5.5.2.Final.jar:5.5.2.Final]
	at org.hibernate.event.internal.DefaultLoadEventListener.loadFromDatasource(DefaultLoadEventListener.java:571) ~[hibernate-core-5.5.2.Final.jar:5.5.2.Final]
	at org.hibernate.event.internal.DefaultLoadEventListener.doLoad(DefaultLoadEventListener.java:539) ~[hibernate-core-5.5.2.Final.jar:5.5.2.Final]
	at org.hibernate.event.internal.DefaultLoadEventListener.load(DefaultLoadEventListener.java:208) ~[hibernate-core-5.5.2.Final.jar:5.5.2.Final]
	at org.hibernate.event.internal.DefaultLoadEventListener.proxyOrLoad(DefaultLoadEventListener.java:327) ~[hibernate-core-5.5.2.Final.jar:5.5.2.Final]
	at org.hibernate.event.internal.DefaultLoadEventListener.doOnLoad(DefaultLoadEventListener.java:108) ~[hibernate-core-5.5.2.Final.jar:5.5.2.Final]
	at org.hibernate.event.internal.DefaultLoadEventListener.onLoad(DefaultLoadEventListener.java:74) ~[hibernate-core-5.5.2.Final.jar:5.5.2.Final]
	at org.hibernate.event.service.internal.EventListenerGroupImpl.fireEventOnEachListener(EventListenerGroupImpl.java:118) ~[hibernate-core-5.5.2.Final.jar:5.5.2.Final]
	at org.hibernate.internal.SessionImpl.fireLoadNoChecks(SessionImpl.java:1215) ~[hibernate-core-5.5.2.Final.jar:5.5.2.Final]
	at org.hibernate.internal.SessionImpl.fireLoad(SessionImpl.java:1204) ~[hibernate-core-5.5.2.Final.jar:5.5.2.Final]
	at org.hibernate.internal.SessionImpl.access$2100(SessionImpl.java:203) ~[hibernate-core-5.5.2.Final.jar:5.5.2.Final]
	at org.hibernate.internal.SessionImpl$IdentifierLoadAccessImpl.doLoad(SessionImpl.java:2819) ~[hibernate-core-5.5.2.Final.jar:5.5.2.Final]
	at org.hibernate.internal.SessionImpl$IdentifierLoadAccessImpl.lambda$load$1(SessionImpl.java:2796) ~[hibernate-core-5.5.2.Final.jar:5.5.2.Final]
	at org.hibernate.internal.SessionImpl$IdentifierLoadAccessImpl.perform(SessionImpl.java:2752) [hibernate-core-5.5.2.Final.jar:5.5.2.Final]
	at org.hibernate.internal.SessionImpl$IdentifierLoadAccessImpl.load(SessionImpl.java:2796) [hibernate-core-5.5.2.Final.jar:5.5.2.Final]
	at org.hibernate.internal.SessionImpl.get(SessionImpl.java:1012) [hibernate-core-5.5.2.Final.jar:5.5.2.Final]
	at com.revature.daos.SPFormDAOImpl.getById(SPFormDAOImpl.java:122) [classes/:?]
	at com.revature.daos.SPFormDAOImpl.getById(SPFormDAOImpl.java:1) [classes/:?]
	at com.revature.daotests.SPFormDaoTests.getFormTest(SPFormDaoTests.java:31) [test-classes/:?]
	at jdk.internal.reflect.NativeMethodAccessorImpl.invoke0(Native Method) ~[?:?]
	at jdk.internal.reflect.NativeMethodAccessorImpl.invoke(NativeMethodAccessorImpl.java:64) ~[?:?]
	at jdk.internal.reflect.DelegatingMethodAccessorImpl.invoke(DelegatingMethodAccessorImpl.java:43) ~[?:?]
	at java.lang.reflect.Method.invoke(Method.java:564) ~[?:?]
	at org.junit.runners.model.FrameworkMethod$1.runReflectiveCall(FrameworkMethod.java:59) [junit-4.13.2.jar:4.13.2]
	at org.junit.internal.runners.model.ReflectiveCallable.run(ReflectiveCallable.java:12) [junit-4.13.2.jar:4.13.2]
	at org.junit.runners.model.FrameworkMethod.invokeExplosively(FrameworkMethod.java:56) [junit-4.13.2.jar:4.13.2]
	at org.junit.internal.runners.statements.InvokeMethod.evaluate(InvokeMethod.java:17) [junit-4.13.2.jar:4.13.2]
	at org.junit.runners.ParentRunner$3.evaluate(ParentRunner.java:306) [junit-4.13.2.jar:4.13.2]
	at org.junit.runners.BlockJUnit4ClassRunner$1.evaluate(BlockJUnit4ClassRunner.java:100) [junit-4.13.2.jar:4.13.2]
	at org.junit.runners.ParentRunner.runLeaf(ParentRunner.java:366) [junit-4.13.2.jar:4.13.2]
	at org.junit.runners.BlockJUnit4ClassRunner.runChild(BlockJUnit4ClassRunner.java:103) [junit-4.13.2.jar:4.13.2]
	at org.junit.runners.BlockJUnit4ClassRunner.runChild(BlockJUnit4ClassRunner.java:63) [junit-4.13.2.jar:4.13.2]
	at org.junit.runners.ParentRunner$4.run(ParentRunner.java:331) [junit-4.13.2.jar:4.13.2]
	at org.junit.runners.ParentRunner$1.schedule(ParentRunner.java:79) [junit-4.13.2.jar:4.13.2]
	at org.junit.runners.ParentRunner.runChildren(ParentRunner.java:329) [junit-4.13.2.jar:4.13.2]
	at org.junit.runners.ParentRunner.access$100(ParentRunner.java:66) [junit-4.13.2.jar:4.13.2]
	at org.junit.runners.ParentRunner$2.evaluate(ParentRunner.java:293) [junit-4.13.2.jar:4.13.2]
	at org.junit.runners.ParentRunner$3.evaluate(ParentRunner.java:306) [junit-4.13.2.jar:4.13.2]
	at org.junit.runners.ParentRunner.run(ParentRunner.java:413) [junit-4.13.2.jar:4.13.2]
	at org.eclipse.jdt.internal.junit4.runner.JUnit4TestReference.run(JUnit4TestReference.java:89) [.cp/:?]
	at org.eclipse.jdt.internal.junit.runner.TestExecution.run(TestExecution.java:40) [.cp/:?]
	at org.eclipse.jdt.internal.junit.runner.RemoteTestRunner.runTests(RemoteTestRunner.java:541) [.cp/:?]
	at org.eclipse.jdt.internal.junit.runner.RemoteTestRunner.runTests(RemoteTestRunner.java:768) [.cp/:?]
	at org.eclipse.jdt.internal.junit.runner.RemoteTestRunner.run(RemoteTestRunner.java:464) [.cp/:?]
	at org.eclipse.jdt.internal.junit.runner.RemoteTestRunner.main(RemoteTestRunner.java:210) [.cp/:?]
Caused by: java.lang.IllegalArgumentException: Can not set java.lang.String field com.revature.beans.SPForm.genre to com.revature.beans.Genre
	at jdk.internal.reflect.UnsafeFieldAccessorImpl.throwSetIllegalArgumentException(UnsafeFieldAccessorImpl.java:167) ~[?:?]
	at jdk.internal.reflect.UnsafeFieldAccessorImpl.throwSetIllegalArgumentException(UnsafeFieldAccessorImpl.java:171) ~[?:?]
	at jdk.internal.reflect.UnsafeObjectFieldAccessorImpl.set(UnsafeObjectFieldAccessorImpl.java:81) ~[?:?]
	at java.lang.reflect.Field.set(Field.java:793) ~[?:?]
	at org.hibernate.property.access.spi.SetterFieldImpl.set(SetterFieldImpl.java:52) ~[hibernate-core-5.5.2.Final.jar:5.5.2.Final]
	... 57 more
INFO  | 2021-06-17 16:39:57 | [main] hibernate.Version (Version.java:44) - HHH000412: Hibernate ORM core version 5.5.2.Final
INFO  | 2021-06-17 16:39:57 | [main] java.JavaReflectionManager (JavaReflectionManager.java:56) - HCANN000001: Hibernate Commons Annotations {5.1.2.Final}
WARN  | 2021-06-17 16:39:57 | [main] internal.DriverManagerConnectionProviderImpl (DriverManagerConnectionProviderImpl.java:72) - HHH10001002: Using Hibernate built-in connection pool (not for production use!)
INFO  | 2021-06-17 16:39:57 | [main] internal.DriverManagerConnectionProviderImpl (DriverManagerConnectionProviderImpl.java:115) - HHH10001005: using driver [org.postgresql.Driver] at URL [jdbc:postgresql://database-1.cbb6txlvyz4r.us-east-2.rds.amazonaws.com:5432/postgres]
INFO  | 2021-06-17 16:39:57 | [main] internal.DriverManagerConnectionProviderImpl (DriverManagerConnectionProviderImpl.java:124) - HHH10001001: Connection properties: {password=****, user=seth}
INFO  | 2021-06-17 16:39:57 | [main] internal.DriverManagerConnectionProviderImpl (DriverManagerConnectionProviderImpl.java:129) - HHH10001003: Autocommit mode: false
INFO  | 2021-06-17 16:39:57 | [main] internal.DriverManagerConnectionProviderImpl$PooledConnections (DriverManagerConnectionProviderImpl.java:274) - HHH000115: Hibernate connection pool size: 20 (min=1)
INFO  | 2021-06-17 16:39:57 | [main] dialect.Dialect (Dialect.java:175) - HHH000400: Using dialect: org.hibernate.dialect.PostgreSQLDialect
INFO  | 2021-06-17 16:39:58 | [main] internal.JtaPlatformInitiator (JtaPlatformInitiator.java:52) - HHH000490: Using JtaPlatform implementation: [org.hibernate.engine.transaction.jta.platform.internal.NoJtaPlatform]
INFO  | 2021-06-17 22:06:35 | [main] hibernate.Version (Version.java:44) - HHH000412: Hibernate ORM core version 5.5.2.Final
INFO  | 2021-06-17 22:06:35 | [main] java.JavaReflectionManager (JavaReflectionManager.java:56) - HCANN000001: Hibernate Commons Annotations {5.1.2.Final}
WARN  | 2021-06-17 22:06:35 | [main] internal.DriverManagerConnectionProviderImpl (DriverManagerConnectionProviderImpl.java:72) - HHH10001002: Using Hibernate built-in connection pool (not for production use!)
INFO  | 2021-06-17 22:06:35 | [main] internal.DriverManagerConnectionProviderImpl (DriverManagerConnectionProviderImpl.java:115) - HHH10001005: using driver [org.postgresql.Driver] at URL [jdbc:postgresql://database-1.cbb6txlvyz4r.us-east-2.rds.amazonaws.com:5432/postgres]
INFO  | 2021-06-17 22:06:35 | [main] internal.DriverManagerConnectionProviderImpl (DriverManagerConnectionProviderImpl.java:124) - HHH10001001: Connection properties: {password=****, user=seth}
INFO  | 2021-06-17 22:06:35 | [main] internal.DriverManagerConnectionProviderImpl (DriverManagerConnectionProviderImpl.java:129) - HHH10001003: Autocommit mode: false
INFO  | 2021-06-17 22:06:35 | [main] internal.DriverManagerConnectionProviderImpl$PooledConnections (DriverManagerConnectionProviderImpl.java:274) - HHH000115: Hibernate connection pool size: 20 (min=1)
INFO  | 2021-06-17 22:06:36 | [main] dialect.Dialect (Dialect.java:175) - HHH000400: Using dialect: org.hibernate.dialect.PostgreSQLDialect
INFO  | 2021-06-17 22:06:36 | [main] internal.JtaPlatformInitiator (JtaPlatformInitiator.java:52) - HHH000490: Using JtaPlatform implementation: [org.hibernate.engine.transaction.jta.platform.internal.NoJtaPlatform]
